ARM GAS  C:\Users\ADMINI~1\AppData\Local\Temp\cchjaSZb.s 			page 1


   1              		.cpu cortex-m0
   2              		.fpu softvfp
   3              		.eabi_attribute 20, 1
   4              		.eabi_attribute 21, 1
   5              		.eabi_attribute 23, 3
   6              		.eabi_attribute 24, 1
   7              		.eabi_attribute 25, 1
   8              		.eabi_attribute 26, 1
   9              		.eabi_attribute 30, 1
  10              		.eabi_attribute 34, 0
  11              		.eabi_attribute 18, 4
  12              		.code	16
  13              		.file	"main.c"
  14              		.text
  15              	.Ltext0:
  16              		.cfi_sections	.debug_frame
  17              		.section	.text.GPIOIsrHandler,"ax",%progbits
  18              		.align	2
  19              		.global	GPIOIsrHandler
  20              		.code	16
  21              		.thumb_func
  22              		.type	GPIOIsrHandler, %function
  23              	GPIOIsrHandler:
  24              	.LFB38:
  25              		.file 1 ".\\main.c"
   1:.\main.c      **** /*******************************************************************************
   2:.\main.c      **** * File Name: main.c
   3:.\main.c      **** *
   4:.\main.c      **** * Version: 1.00
   5:.\main.c      **** *
   6:.\main.c      **** * Description:
   7:.\main.c      **** *  This is the source code for the Interrupts example project of the Interrupt
   8:.\main.c      **** *  and cy_boot components.
   9:.\main.c      **** *
  10:.\main.c      **** ********************************************************************************
  11:.\main.c      **** * Copyright 2015, Cypress Semiconductor Corporation. All rights reserved.
  12:.\main.c      **** * This software is owned by Cypress Semiconductor Corporation and is protected
  13:.\main.c      **** * by and subject to worldwide patent and copyright laws and treaties.
  14:.\main.c      **** * Therefore, you may use this software only as provided in the license agreement
  15:.\main.c      **** * accompanying the software package from which you obtained this software.
  16:.\main.c      **** * CYPRESS AND ITS SUPPLIERS MAKE NO WARRANTY OF ANY KIND, EXPRESS OR IMPLIED,
  17:.\main.c      **** * WITH REGARD TO THIS SOFTWARE, INCLUDING, BUT NOT LIMITED TO, NONINFRINGEMENT,
  18:.\main.c      **** * IMPLIED WARRANTIES OF MERCHANTABILITY AND FITNESS FOR A PARTICULAR PURPOSE.
  19:.\main.c      **** *******************************************************************************/
  20:.\main.c      **** 
  21:.\main.c      **** #include <project.h>
  22:.\main.c      **** 
  23:.\main.c      **** #define HIGHE_H_PRIORITY                    (0u)
  24:.\main.c      **** #define NESTED_ISR                          (1u)
  25:.\main.c      **** #define HIGHER_PRIORITY                     (2u)
  26:.\main.c      **** #define Uartset_ISR                         (3u)
  27:.\main.c      **** #define DEFAULT_PRIORITY                    (4u)
  28:.\main.c      **** 
  29:.\main.c      **** 
  30:.\main.c      **** #if(CY_PSOC4)
  31:.\main.c      ****     #define LIGHT_OFF                       (1u)
  32:.\main.c      ****     #define LIGHT_ON                        (0u)
ARM GAS  C:\Users\ADMINI~1\AppData\Local\Temp\cchjaSZb.s 			page 2


  33:.\main.c      **** #else
  34:.\main.c      ****     #define LIGHT_OFF                       (0u)
  35:.\main.c      ****     #define LIGHT_ON                        (1u)
  36:.\main.c      **** #endif /* (CY_PSOC4) */
  37:.\main.c      **** 
  38:.\main.c      **** /* Interrupt prototypes */
  39:.\main.c      **** CY_ISR_PROTO(GPIOIsrHandler);
  40:.\main.c      **** CY_ISR_PROTO(NestedIsrHandler);
  41:.\main.c      **** CY_ISR_PROTO(UART_1_SCB_IRQ_Interrupt);
  42:.\main.c      **** 
  43:.\main.c      **** /*******************************************************************************
  44:.\main.c      **** * Function Name: main
  45:.\main.c      **** ********************************************************************************
  46:.\main.c      **** *
  47:.\main.c      **** * Summary:
  48:.\main.c      **** *  At the beginning of the main function, the GPIO interrupt is set up and
  49:.\main.c      **** *  enabled. After that, initial priority for the GPIO interrupt is changed from
  50:.\main.c      **** *  1 to 3 (DEFAULT_PRIORITY). The custom interrupt (nested) is configured
  51:.\main.c      **** *  (sets up, sets priority) and enabled. In GPIOIsrHandler, the isr_GPIO
  52:.\main.c      **** *  pending interrupt clears, the green LED turns on, the nested software
  53:.\main.c      **** *  interrupt causes after approximately 1 second delay, green LED turns off.
  54:.\main.c      **** *
  55:.\main.c      **** * Parameters:
  56:.\main.c      **** *  None.
  57:.\main.c      **** *
  58:.\main.c      **** * Return:
  59:.\main.c      **** *  None.
  60:.\main.c      **** *
  61:.\main.c      **** *******************************************************************************/
  62:.\main.c      **** int main()
  63:.\main.c      **** {
  64:.\main.c      ****     uint32 ch=0;
  65:.\main.c      ****     ///UART////
  66:.\main.c      ****     UART_1_Start();
  67:.\main.c      ****     UART_1_SCB_IRQ_Start();
  68:.\main.c      ****     UART_1_UartPutString("Test");
  69:.\main.c      ****     
  70:.\main.c      ****     /* Set initial state (off) for LED */
  71:.\main.c      ****     LED_Isr_Write(LIGHT_OFF);
  72:.\main.c      ****     LED_Nested_Write(LIGHT_OFF);
  73:.\main.c      **** 
  74:.\main.c      ****     /* Sets up the GPIO interrupt and enables it */
  75:.\main.c      ****     ISRGPIO_StartEx(GPIOIsrHandler);
  76:.\main.c      **** 
  77:.\main.c      ****     /* Changes initial priority for the GPIO interrupt */
  78:.\main.c      ****     ISRGPIO_SetPriority(DEFAULT_PRIORITY);
  79:.\main.c      **** 
  80:.\main.c      ****     /* Sets up the nested interrupt, sets priority and enables it */
  81:.\main.c      ****     //CyIntSetVector(NESTED_ISR,NestedIsrHandler);
  82:.\main.c      ****     //CyIntSetPriority(NESTED_ISR,HIGHER_PRIORITY);
  83:.\main.c      ****     //CyIntEnable(NESTED_ISR);
  84:.\main.c      **** 
  85:.\main.c      ****     //CyIntSetVector(Uartset_ISR,UART_1_SCB_IRQ_Interrupt);
  86:.\main.c      ****     //CyIntSetPriority(Uartset_ISR,HIGHE_H_PRIORITY);
  87:.\main.c      ****    // CyIntEnable(Uartset_ISR);
  88:.\main.c      **** 
  89:.\main.c      ****     
ARM GAS  C:\Users\ADMINI~1\AppData\Local\Temp\cchjaSZb.s 			page 3


  90:.\main.c      ****     
  91:.\main.c      ****     
  92:.\main.c      ****     /* Enable global interrupts */
  93:.\main.c      ****     CyGlobalIntEnable;
  94:.\main.c      **** 
  95:.\main.c      ****     for(;;)
  96:.\main.c      ****     {
  97:.\main.c      ****        //  ch = UART_1_UartGetChar();
  98:.\main.c      ****         //    if (0u != ch)
  99:.\main.c      ****        // {
 100:.\main.c      ****          //   UART_1_UartPutChar(ch);
 101:.\main.c      ****        // } 
 102:.\main.c      ****     }
 103:.\main.c      **** }
 104:.\main.c      **** 
 105:.\main.c      **** 
 106:.\main.c      **** /*******************************************************************************
 107:.\main.c      **** * Function Name: GPIOIsrHandler
 108:.\main.c      **** ********************************************************************************
 109:.\main.c      **** * Summary:
 110:.\main.c      **** *  The interrupt handler for GPIO interrupts.
 111:.\main.c      **** *  Clears a pending Interrupt.
 112:.\main.c      **** *  Clears a pin Interrupt.
 113:.\main.c      **** *  Blinks the LED with the LED_Isr pin.
 114:.\main.c      **** *  Calls nested interrupt.
 115:.\main.c      **** 
 116:.\main.c      **** *
 117:.\main.c      **** * Parameters:
 118:.\main.c      **** *  None
 119:.\main.c      **** *
 120:.\main.c      **** * Return:
 121:.\main.c      **** *  None
 122:.\main.c      **** *
 123:.\main.c      **** *******************************************************************************/
 124:.\main.c      **** CY_ISR(GPIOIsrHandler)
 125:.\main.c      **** {
  26              		.loc 1 125 0
  27              		.cfi_startproc
  28 0000 08B5     		push	{r3, lr}
  29              		.cfi_def_cfa_offset 8
  30              		.cfi_offset 3, -8
  31              		.cfi_offset 14, -4
 126:.\main.c      ****     /* Clear pending Interrupt */
 127:.\main.c      ****     ISRGPIO_ClearPending();
  32              		.loc 1 127 0
  33 0002 FFF7FEFF 		bl	ISRGPIO_ClearPending
  34              	.LVL0:
 128:.\main.c      ****     
 129:.\main.c      ****     /* Clear pin Interrupt */
 130:.\main.c      ****     Pin_Sw_ClearInterrupt();
  35              		.loc 1 130 0
  36 0006 FFF7FEFF 		bl	Pin_Sw_ClearInterrupt
  37              	.LVL1:
 131:.\main.c      ****     
 132:.\main.c      ****     /* Turn On the LED */
 133:.\main.c      ****     LED_Isr_Write(LIGHT_ON);
  38              		.loc 1 133 0
ARM GAS  C:\Users\ADMINI~1\AppData\Local\Temp\cchjaSZb.s 			page 4


  39 000a 0020     		mov	r0, #0
  40 000c FFF7FEFF 		bl	LED_Isr_Write
  41              	.LVL2:
 134:.\main.c      **** 
 135:.\main.c      ****     /* Cause nested software interrupt after 1000 ms */
 136:.\main.c      ****     CyDelay(1000u);
  42              		.loc 1 136 0
  43 0010 FA20     		mov	r0, #250
  44 0012 8000     		lsl	r0, r0, #2
  45 0014 FFF7FEFF 		bl	CyDelay
  46              	.LVL3:
 137:.\main.c      ****     CyIntSetPending(NESTED_ISR);
  47              		.loc 1 137 0
  48 0018 0120     		mov	r0, #1
  49 001a FFF7FEFF 		bl	CyIntSetPending
  50              	.LVL4:
 138:.\main.c      **** 
 139:.\main.c      ****     /* Turn Off the LED */
 140:.\main.c      ****     LED_Isr_Write(LIGHT_OFF);
  51              		.loc 1 140 0
  52 001e 0120     		mov	r0, #1
  53 0020 FFF7FEFF 		bl	LED_Isr_Write
  54              	.LVL5:
 141:.\main.c      **** }
  55              		.loc 1 141 0
  56              		@ sp needed
  57 0024 08BD     		pop	{r3, pc}
  58              		.cfi_endproc
  59              	.LFE38:
  60              		.size	GPIOIsrHandler, .-GPIOIsrHandler
  61 0026 C046     		.section	.text.main,"ax",%progbits
  62              		.align	2
  63              		.global	main
  64              		.code	16
  65              		.thumb_func
  66              		.type	main, %function
  67              	main:
  68              	.LFB37:
  63:.\main.c      ****     uint32 ch=0;
  69              		.loc 1 63 0
  70              		.cfi_startproc
  71 0000 08B5     		push	{r3, lr}
  72              		.cfi_def_cfa_offset 8
  73              		.cfi_offset 3, -8
  74              		.cfi_offset 14, -4
  75              	.LVL6:
  66:.\main.c      ****     UART_1_SCB_IRQ_Start();
  76              		.loc 1 66 0
  77 0002 FFF7FEFF 		bl	UART_1_Start
  78              	.LVL7:
  67:.\main.c      ****     UART_1_UartPutString("Test");
  79              		.loc 1 67 0
  80 0006 FFF7FEFF 		bl	UART_1_SCB_IRQ_Start
  81              	.LVL8:
  68:.\main.c      ****     
  82              		.loc 1 68 0
  83 000a 0848     		ldr	r0, .L4
ARM GAS  C:\Users\ADMINI~1\AppData\Local\Temp\cchjaSZb.s 			page 5


  84 000c FFF7FEFF 		bl	UART_1_UartPutString
  85              	.LVL9:
  71:.\main.c      ****     LED_Nested_Write(LIGHT_OFF);
  86              		.loc 1 71 0
  87 0010 0120     		mov	r0, #1
  88 0012 FFF7FEFF 		bl	LED_Isr_Write
  89              	.LVL10:
  72:.\main.c      **** 
  90              		.loc 1 72 0
  91 0016 0120     		mov	r0, #1
  92 0018 FFF7FEFF 		bl	LED_Nested_Write
  93              	.LVL11:
  75:.\main.c      **** 
  94              		.loc 1 75 0
  95 001c 0448     		ldr	r0, .L4+4
  96 001e FFF7FEFF 		bl	ISRGPIO_StartEx
  97              	.LVL12:
  78:.\main.c      **** 
  98              		.loc 1 78 0
  99 0022 0420     		mov	r0, #4
 100 0024 FFF7FEFF 		bl	ISRGPIO_SetPriority
 101              	.LVL13:
  93:.\main.c      **** 
 102              		.loc 1 93 0
 103              	@ 93 ".\main.c" 1
 104 0028 62B6     		CPSIE   i
 105              	@ 0 "" 2
 106              		.code	16
 107              	.L3:
 102:.\main.c      **** }
 108              		.loc 1 102 0 discriminator 1
 109 002a FEE7     		b	.L3
 110              	.L5:
 111              		.align	2
 112              	.L4:
 113 002c 00000000 		.word	.LC0
 114 0030 00000000 		.word	GPIOIsrHandler
 115              		.cfi_endproc
 116              	.LFE37:
 117              		.size	main, .-main
 118              		.section	.text.NestedIsrHandler,"ax",%progbits
 119              		.align	2
 120              		.global	NestedIsrHandler
 121              		.code	16
 122              		.thumb_func
 123              		.type	NestedIsrHandler, %function
 124              	NestedIsrHandler:
 125              	.LFB39:
 142:.\main.c      **** 
 143:.\main.c      **** 
 144:.\main.c      **** /*******************************************************************************
 145:.\main.c      **** * Function Name: NestedIsrHandler
 146:.\main.c      **** ********************************************************************************
 147:.\main.c      **** * Summary:
 148:.\main.c      **** *  The interrupt handler for nested interrupt.
 149:.\main.c      **** *  Blinks the LED with the LED_Nested pin.
 150:.\main.c      **** *
ARM GAS  C:\Users\ADMINI~1\AppData\Local\Temp\cchjaSZb.s 			page 6


 151:.\main.c      **** * Parameters:
 152:.\main.c      **** *  None
 153:.\main.c      **** *
 154:.\main.c      **** * Return:
 155:.\main.c      **** *  None
 156:.\main.c      **** *
 157:.\main.c      **** *******************************************************************************/
 158:.\main.c      **** CY_ISR(NestedIsrHandler)
 159:.\main.c      **** {
 126              		.loc 1 159 0
 127              		.cfi_startproc
 128 0000 10B5     		push	{r4, lr}
 129              		.cfi_def_cfa_offset 8
 130              		.cfi_offset 4, -8
 131              		.cfi_offset 14, -4
 160:.\main.c      ****     /* Clear pending Interrupt */
 161:.\main.c      ****     CyIntClearPending(NESTED_ISR);
 132              		.loc 1 161 0
 133 0002 0120     		mov	r0, #1
 134 0004 FFF7FEFF 		bl	CyIntClearPending
 135              	.LVL14:
 162:.\main.c      **** 
 163:.\main.c      ****     /* Turn On the LED for 1000 ms */
 164:.\main.c      ****     LED_Nested_Write(LIGHT_ON);
 136              		.loc 1 164 0
 137 0008 0020     		mov	r0, #0
 138 000a FFF7FEFF 		bl	LED_Nested_Write
 139              	.LVL15:
 165:.\main.c      ****     CyDelay(1000u);
 140              		.loc 1 165 0
 141 000e FA24     		mov	r4, #250
 142 0010 A400     		lsl	r4, r4, #2
 143 0012 201C     		mov	r0, r4
 144 0014 FFF7FEFF 		bl	CyDelay
 145              	.LVL16:
 166:.\main.c      **** 
 167:.\main.c      ****     /* Turn Off the LED and wait for 1000 ms */
 168:.\main.c      ****     LED_Nested_Write(LIGHT_OFF);
 146              		.loc 1 168 0
 147 0018 0120     		mov	r0, #1
 148 001a FFF7FEFF 		bl	LED_Nested_Write
 149              	.LVL17:
 169:.\main.c      ****     CyDelay(1000u);
 150              		.loc 1 169 0
 151 001e 201C     		mov	r0, r4
 152 0020 FFF7FEFF 		bl	CyDelay
 153              	.LVL18:
 170:.\main.c      **** }
 154              		.loc 1 170 0
 155              		@ sp needed
 156 0024 10BD     		pop	{r4, pc}
 157              		.cfi_endproc
 158              	.LFE39:
 159              		.size	NestedIsrHandler, .-NestedIsrHandler
 160 0026 C046     		.section	.text.UART_1_SCB_IRQ_Interrupt,"ax",%progbits
 161              		.align	2
 162              		.global	UART_1_SCB_IRQ_Interrupt
ARM GAS  C:\Users\ADMINI~1\AppData\Local\Temp\cchjaSZb.s 			page 7


 163              		.code	16
 164              		.thumb_func
 165              		.type	UART_1_SCB_IRQ_Interrupt, %function
 166              	UART_1_SCB_IRQ_Interrupt:
 167              	.LFB40:
 171:.\main.c      **** 
 172:.\main.c      **** 
 173:.\main.c      **** /*******************************************************************************
 174:.\main.c      **** * Function Name: NestedIsrHandler
 175:.\main.c      **** ********************************************************************************
 176:.\main.c      **** * Summary:
 177:.\main.c      **** *  The interrupt handler for nested interrupt.
 178:.\main.c      **** *  Blinks the LED with the LED_Nested pin.
 179:.\main.c      **** *
 180:.\main.c      **** * Parameters:
 181:.\main.c      **** *  None
 182:.\main.c      **** *
 183:.\main.c      **** * Return:
 184:.\main.c      **** *  None
 185:.\main.c      **** *
 186:.\main.c      **** *******************************************************************************/
 187:.\main.c      **** CY_ISR(UART_1_SCB_IRQ_Interrupt)
 188:.\main.c      **** {
 168              		.loc 1 188 0
 169              		.cfi_startproc
 170 0000 08B5     		push	{r3, lr}
 171              		.cfi_def_cfa_offset 8
 172              		.cfi_offset 3, -8
 173              		.cfi_offset 14, -4
 189:.\main.c      ****    #ifdef UART_1_SCB_IRQ_INTERRUPT_INTERRUPT_CALLBACK
 190:.\main.c      ****         UART_1_SCB_IRQ_Interrupt_InterruptCallback();
 191:.\main.c      ****     #endif /* UART_1_SCB_IRQ_INTERRUPT_INTERRUPT_CALLBACK */  
 192:.\main.c      ****     
 193:.\main.c      ****     UART_1_ClearRxInterruptSource(UART_1_INTR_RX_NOT_EMPTY);
 174              		.loc 1 193 0
 175 0002 0423     		mov	r3, #4
 176 0004 074A     		ldr	r2, .L9
 177 0006 1360     		str	r3, [r2]
 194:.\main.c      **** 
 195:.\main.c      ****     if(UART_1_GetRxInterruptSourceMasked()&UART_1_INTR_RX_NOT_EMPTY)
 178              		.loc 1 195 0
 179 0008 074A     		ldr	r2, .L9+4
 180 000a 1268     		ldr	r2, [r2]
 181 000c 1342     		tst	r3, r2
 182 000e 05D0     		beq	.L8
 183              	.LVL19:
 184              	.LBB2:
 196:.\main.c      ****     {
 197:.\main.c      ****         uint32 ReceviceData=0;
 198:.\main.c      ****         ReceviceData=UART_1_SpiUartReadRxData();
 185              		.loc 1 198 0
 186 0010 FFF7FEFF 		bl	UART_1_SpiUartReadRxData
 187              	.LVL20:
 199:.\main.c      ****         UART_1_UartPutChar((uint8_t)ReceviceData);
 188              		.loc 1 199 0
 189 0014 FF23     		mov	r3, #255
 190 0016 1840     		and	r0, r3
ARM GAS  C:\Users\ADMINI~1\AppData\Local\Temp\cchjaSZb.s 			page 8


 191              	.LVL21:
 192 0018 FFF7FEFF 		bl	UART_1_SpiUartWriteTxData
 193              	.LVL22:
 194              	.L8:
 195              	.LBE2:
 200:.\main.c      ****     }
 201:.\main.c      ****     UART_1_SpiUartClearRxBuffer();
 196              		.loc 1 201 0
 197 001c FFF7FEFF 		bl	UART_1_SpiUartClearRxBuffer
 198              	.LVL23:
 202:.\main.c      **** }
 199              		.loc 1 202 0
 200              		@ sp needed
 201 0020 08BD     		pop	{r3, pc}
 202              	.L10:
 203 0022 C046     		.align	2
 204              	.L9:
 205 0024 C00F2440 		.word	1076105152
 206 0028 CC0F2440 		.word	1076105164
 207              		.cfi_endproc
 208              	.LFE40:
 209              		.size	UART_1_SCB_IRQ_Interrupt, .-UART_1_SCB_IRQ_Interrupt
 210              		.section	.rodata.str1.4,"aMS",%progbits,1
 211              		.align	2
 212              	.LC0:
 213 0000 54657374 		.ascii	"Test\000"
 213      00
 214 0005 000000   		.text
 215              	.Letext0:
 216              		.file 2 "d:\\program files (x86)\\cypress\\psoc creator\\3.3\\psoc creator\\import\\gnu\\arm\\4.9.
 217              		.file 3 "d:\\program files (x86)\\cypress\\psoc creator\\3.3\\psoc creator\\import\\gnu\\arm\\4.9.
 218              		.file 4 "Generated_Source\\PSoC4/cytypes.h"
 219              		.file 5 "Generated_Source\\PSoC4/LED_Isr.h"
 220              		.file 6 "Generated_Source\\PSoC4/CyLib.h"
 221              		.file 7 "Generated_Source\\PSoC4/ISRGPIO.h"
 222              		.file 8 "Generated_Source\\PSoC4/UART_1.h"
 223              		.file 9 "Generated_Source\\PSoC4/UART_1_SCB_IRQ.h"
 224              		.file 10 "Generated_Source\\PSoC4/UART_1_SPI_UART.h"
 225              		.file 11 "Generated_Source\\PSoC4/LED_Nested.h"
 226              		.file 12 "Generated_Source\\PSoC4/Pin_Sw.h"
 227              		.section	.debug_info,"",%progbits
 228              	.Ldebug_info0:
 229 0000 89030000 		.4byte	0x389
 230 0004 0400     		.2byte	0x4
 231 0006 00000000 		.4byte	.Ldebug_abbrev0
 232 000a 04       		.byte	0x4
 233 000b 01       		.uleb128 0x1
 234 000c 6A020000 		.4byte	.LASF40
 235 0010 01       		.byte	0x1
 236 0011 CA000000 		.4byte	.LASF41
 237 0015 F9000000 		.4byte	.LASF42
 238 0019 00000000 		.4byte	.Ldebug_ranges0+0
 239 001d 00000000 		.4byte	0
 240 0021 00000000 		.4byte	.Ldebug_line0
 241 0025 02       		.uleb128 0x2
 242 0026 01       		.byte	0x1
 243 0027 06       		.byte	0x6
ARM GAS  C:\Users\ADMINI~1\AppData\Local\Temp\cchjaSZb.s 			page 9


 244 0028 22030000 		.4byte	.LASF0
 245 002c 03       		.uleb128 0x3
 246 002d 22000000 		.4byte	.LASF9
 247 0031 02       		.byte	0x2
 248 0032 1D       		.byte	0x1d
 249 0033 37000000 		.4byte	0x37
 250 0037 02       		.uleb128 0x2
 251 0038 01       		.byte	0x1
 252 0039 08       		.byte	0x8
 253 003a 97000000 		.4byte	.LASF1
 254 003e 02       		.uleb128 0x2
 255 003f 02       		.byte	0x2
 256 0040 05       		.byte	0x5
 257 0041 F8020000 		.4byte	.LASF2
 258 0045 02       		.uleb128 0x2
 259 0046 02       		.byte	0x2
 260 0047 07       		.byte	0x7
 261 0048 55000000 		.4byte	.LASF3
 262 004c 02       		.uleb128 0x2
 263 004d 04       		.byte	0x4
 264 004e 05       		.byte	0x5
 265 004f 02030000 		.4byte	.LASF4
 266 0053 02       		.uleb128 0x2
 267 0054 04       		.byte	0x4
 268 0055 07       		.byte	0x7
 269 0056 AB000000 		.4byte	.LASF5
 270 005a 02       		.uleb128 0x2
 271 005b 08       		.byte	0x8
 272 005c 05       		.byte	0x5
 273 005d 32020000 		.4byte	.LASF6
 274 0061 02       		.uleb128 0x2
 275 0062 08       		.byte	0x8
 276 0063 07       		.byte	0x7
 277 0064 94010000 		.4byte	.LASF7
 278 0068 04       		.uleb128 0x4
 279 0069 04       		.byte	0x4
 280 006a 05       		.byte	0x5
 281 006b 696E7400 		.ascii	"int\000"
 282 006f 02       		.uleb128 0x2
 283 0070 04       		.byte	0x4
 284 0071 07       		.byte	0x7
 285 0072 66010000 		.4byte	.LASF8
 286 0076 03       		.uleb128 0x3
 287 0077 AB010000 		.4byte	.LASF10
 288 007b 03       		.byte	0x3
 289 007c 15       		.byte	0x15
 290 007d 2C000000 		.4byte	0x2c
 291 0081 05       		.uleb128 0x5
 292 0082 BD000000 		.4byte	.LASF11
 293 0086 04       		.byte	0x4
 294 0087 3801     		.2byte	0x138
 295 0089 37000000 		.4byte	0x37
 296 008d 05       		.uleb128 0x5
 297 008e ED000000 		.4byte	.LASF12
 298 0092 04       		.byte	0x4
 299 0093 3A01     		.2byte	0x13a
 300 0095 53000000 		.4byte	0x53
ARM GAS  C:\Users\ADMINI~1\AppData\Local\Temp\cchjaSZb.s 			page 10


 301 0099 02       		.uleb128 0x2
 302 009a 04       		.byte	0x4
 303 009b 04       		.byte	0x4
 304 009c 91000000 		.4byte	.LASF13
 305 00a0 02       		.uleb128 0x2
 306 00a1 08       		.byte	0x8
 307 00a2 04       		.byte	0x4
 308 00a3 C3000000 		.4byte	.LASF14
 309 00a7 05       		.uleb128 0x5
 310 00a8 A5000000 		.4byte	.LASF15
 311 00ac 04       		.byte	0x4
 312 00ad 4901     		.2byte	0x149
 313 00af B3000000 		.4byte	0xb3
 314 00b3 02       		.uleb128 0x2
 315 00b4 01       		.byte	0x1
 316 00b5 08       		.byte	0x8
 317 00b6 40020000 		.4byte	.LASF16
 318 00ba 05       		.uleb128 0x5
 319 00bb 0B030000 		.4byte	.LASF17
 320 00bf 04       		.byte	0x4
 321 00c0 E401     		.2byte	0x1e4
 322 00c2 C6000000 		.4byte	0xc6
 323 00c6 06       		.uleb128 0x6
 324 00c7 8D000000 		.4byte	0x8d
 325 00cb 05       		.uleb128 0x5
 326 00cc E8010000 		.4byte	.LASF18
 327 00d0 04       		.byte	0x4
 328 00d1 F401     		.2byte	0x1f4
 329 00d3 D7000000 		.4byte	0xd7
 330 00d7 07       		.uleb128 0x7
 331 00d8 04       		.byte	0x4
 332 00d9 DD000000 		.4byte	0xdd
 333 00dd 08       		.uleb128 0x8
 334 00de 02       		.uleb128 0x2
 335 00df 04       		.byte	0x4
 336 00e0 07       		.byte	0x7
 337 00e1 1C020000 		.4byte	.LASF19
 338 00e5 09       		.uleb128 0x9
 339 00e6 5B020000 		.4byte	.LASF20
 340 00ea 01       		.byte	0x1
 341 00eb 7C       		.byte	0x7c
 342 00ec 00000000 		.4byte	.LFB38
 343 00f0 26000000 		.4byte	.LFE38-.LFB38
 344 00f4 01       		.uleb128 0x1
 345 00f5 9C       		.byte	0x9c
 346 00f6 57010000 		.4byte	0x157
 347 00fa 0A       		.uleb128 0xa
 348 00fb 06000000 		.4byte	.LVL0
 349 00ff B2020000 		.4byte	0x2b2
 350 0103 0A       		.uleb128 0xa
 351 0104 0A000000 		.4byte	.LVL1
 352 0108 B9020000 		.4byte	0x2b9
 353 010c 0B       		.uleb128 0xb
 354 010d 10000000 		.4byte	.LVL2
 355 0111 C4020000 		.4byte	0x2c4
 356 0115 1F010000 		.4byte	0x11f
 357 0119 0C       		.uleb128 0xc
ARM GAS  C:\Users\ADMINI~1\AppData\Local\Temp\cchjaSZb.s 			page 11


 358 011a 01       		.uleb128 0x1
 359 011b 50       		.byte	0x50
 360 011c 01       		.uleb128 0x1
 361 011d 30       		.byte	0x30
 362 011e 00       		.byte	0
 363 011f 0B       		.uleb128 0xb
 364 0120 18000000 		.4byte	.LVL3
 365 0124 D5020000 		.4byte	0x2d5
 366 0128 34010000 		.4byte	0x134
 367 012c 0C       		.uleb128 0xc
 368 012d 01       		.uleb128 0x1
 369 012e 50       		.byte	0x50
 370 012f 03       		.uleb128 0x3
 371 0130 0A       		.byte	0xa
 372 0131 E803     		.2byte	0x3e8
 373 0133 00       		.byte	0
 374 0134 0B       		.uleb128 0xb
 375 0135 1E000000 		.4byte	.LVL4
 376 0139 E6020000 		.4byte	0x2e6
 377 013d 47010000 		.4byte	0x147
 378 0141 0C       		.uleb128 0xc
 379 0142 01       		.uleb128 0x1
 380 0143 50       		.byte	0x50
 381 0144 01       		.uleb128 0x1
 382 0145 31       		.byte	0x31
 383 0146 00       		.byte	0
 384 0147 0D       		.uleb128 0xd
 385 0148 24000000 		.4byte	.LVL5
 386 014c C4020000 		.4byte	0x2c4
 387 0150 0C       		.uleb128 0xc
 388 0151 01       		.uleb128 0x1
 389 0152 50       		.byte	0x50
 390 0153 01       		.uleb128 0x1
 391 0154 31       		.byte	0x31
 392 0155 00       		.byte	0
 393 0156 00       		.byte	0
 394 0157 0E       		.uleb128 0xe
 395 0158 F4000000 		.4byte	.LASF21
 396 015c 01       		.byte	0x1
 397 015d 3E       		.byte	0x3e
 398 015e 68000000 		.4byte	0x68
 399 0162 00000000 		.4byte	.LFB37
 400 0166 34000000 		.4byte	.LFE37-.LFB37
 401 016a 01       		.uleb128 0x1
 402 016b 9C       		.byte	0x9c
 403 016c F1010000 		.4byte	0x1f1
 404 0170 0F       		.uleb128 0xf
 405 0171 636800   		.ascii	"ch\000"
 406 0174 01       		.byte	0x1
 407 0175 40       		.byte	0x40
 408 0176 8D000000 		.4byte	0x8d
 409 017a 00       		.byte	0
 410 017b 0A       		.uleb128 0xa
 411 017c 06000000 		.4byte	.LVL7
 412 0180 F7020000 		.4byte	0x2f7
 413 0184 0A       		.uleb128 0xa
 414 0185 0A000000 		.4byte	.LVL8
ARM GAS  C:\Users\ADMINI~1\AppData\Local\Temp\cchjaSZb.s 			page 12


 415 0189 FE020000 		.4byte	0x2fe
 416 018d 0B       		.uleb128 0xb
 417 018e 10000000 		.4byte	.LVL9
 418 0192 05030000 		.4byte	0x305
 419 0196 A4010000 		.4byte	0x1a4
 420 019a 0C       		.uleb128 0xc
 421 019b 01       		.uleb128 0x1
 422 019c 50       		.byte	0x50
 423 019d 05       		.uleb128 0x5
 424 019e 03       		.byte	0x3
 425 019f 00000000 		.4byte	.LC0
 426 01a3 00       		.byte	0
 427 01a4 0B       		.uleb128 0xb
 428 01a5 16000000 		.4byte	.LVL10
 429 01a9 C4020000 		.4byte	0x2c4
 430 01ad B7010000 		.4byte	0x1b7
 431 01b1 0C       		.uleb128 0xc
 432 01b2 01       		.uleb128 0x1
 433 01b3 50       		.byte	0x50
 434 01b4 01       		.uleb128 0x1
 435 01b5 31       		.byte	0x31
 436 01b6 00       		.byte	0
 437 01b7 0B       		.uleb128 0xb
 438 01b8 1C000000 		.4byte	.LVL11
 439 01bc 22030000 		.4byte	0x322
 440 01c0 CA010000 		.4byte	0x1ca
 441 01c4 0C       		.uleb128 0xc
 442 01c5 01       		.uleb128 0x1
 443 01c6 50       		.byte	0x50
 444 01c7 01       		.uleb128 0x1
 445 01c8 31       		.byte	0x31
 446 01c9 00       		.byte	0
 447 01ca 0B       		.uleb128 0xb
 448 01cb 22000000 		.4byte	.LVL12
 449 01cf 33030000 		.4byte	0x333
 450 01d3 E1010000 		.4byte	0x1e1
 451 01d7 0C       		.uleb128 0xc
 452 01d8 01       		.uleb128 0x1
 453 01d9 50       		.byte	0x50
 454 01da 05       		.uleb128 0x5
 455 01db 03       		.byte	0x3
 456 01dc 00000000 		.4byte	GPIOIsrHandler
 457 01e0 00       		.byte	0
 458 01e1 0D       		.uleb128 0xd
 459 01e2 28000000 		.4byte	.LVL13
 460 01e6 44030000 		.4byte	0x344
 461 01ea 0C       		.uleb128 0xc
 462 01eb 01       		.uleb128 0x1
 463 01ec 50       		.byte	0x50
 464 01ed 01       		.uleb128 0x1
 465 01ee 34       		.byte	0x34
 466 01ef 00       		.byte	0
 467 01f0 00       		.byte	0
 468 01f1 09       		.uleb128 0x9
 469 01f2 73010000 		.4byte	.LASF22
 470 01f6 01       		.byte	0x1
 471 01f7 9E       		.byte	0x9e
ARM GAS  C:\Users\ADMINI~1\AppData\Local\Temp\cchjaSZb.s 			page 13


 472 01f8 00000000 		.4byte	.LFB39
 473 01fc 26000000 		.4byte	.LFE39-.LFB39
 474 0200 01       		.uleb128 0x1
 475 0201 9C       		.byte	0x9c
 476 0202 64020000 		.4byte	0x264
 477 0206 0B       		.uleb128 0xb
 478 0207 08000000 		.4byte	.LVL14
 479 020b 55030000 		.4byte	0x355
 480 020f 19020000 		.4byte	0x219
 481 0213 0C       		.uleb128 0xc
 482 0214 01       		.uleb128 0x1
 483 0215 50       		.byte	0x50
 484 0216 01       		.uleb128 0x1
 485 0217 31       		.byte	0x31
 486 0218 00       		.byte	0
 487 0219 0B       		.uleb128 0xb
 488 021a 0E000000 		.4byte	.LVL15
 489 021e 22030000 		.4byte	0x322
 490 0222 2C020000 		.4byte	0x22c
 491 0226 0C       		.uleb128 0xc
 492 0227 01       		.uleb128 0x1
 493 0228 50       		.byte	0x50
 494 0229 01       		.uleb128 0x1
 495 022a 30       		.byte	0x30
 496 022b 00       		.byte	0
 497 022c 0B       		.uleb128 0xb
 498 022d 18000000 		.4byte	.LVL16
 499 0231 D5020000 		.4byte	0x2d5
 500 0235 40020000 		.4byte	0x240
 501 0239 0C       		.uleb128 0xc
 502 023a 01       		.uleb128 0x1
 503 023b 50       		.byte	0x50
 504 023c 02       		.uleb128 0x2
 505 023d 74       		.byte	0x74
 506 023e 00       		.sleb128 0
 507 023f 00       		.byte	0
 508 0240 0B       		.uleb128 0xb
 509 0241 1E000000 		.4byte	.LVL17
 510 0245 22030000 		.4byte	0x322
 511 0249 53020000 		.4byte	0x253
 512 024d 0C       		.uleb128 0xc
 513 024e 01       		.uleb128 0x1
 514 024f 50       		.byte	0x50
 515 0250 01       		.uleb128 0x1
 516 0251 31       		.byte	0x31
 517 0252 00       		.byte	0
 518 0253 0D       		.uleb128 0xd
 519 0254 24000000 		.4byte	.LVL18
 520 0258 D5020000 		.4byte	0x2d5
 521 025c 0C       		.uleb128 0xc
 522 025d 01       		.uleb128 0x1
 523 025e 50       		.byte	0x50
 524 025f 02       		.uleb128 0x2
 525 0260 74       		.byte	0x74
 526 0261 00       		.sleb128 0
 527 0262 00       		.byte	0
 528 0263 00       		.byte	0
ARM GAS  C:\Users\ADMINI~1\AppData\Local\Temp\cchjaSZb.s 			page 14


 529 0264 09       		.uleb128 0x9
 530 0265 68000000 		.4byte	.LASF23
 531 0269 01       		.byte	0x1
 532 026a BB       		.byte	0xbb
 533 026b 00000000 		.4byte	.LFB40
 534 026f 2C000000 		.4byte	.LFE40-.LFB40
 535 0273 01       		.uleb128 0x1
 536 0274 9C       		.byte	0x9c
 537 0275 B2020000 		.4byte	0x2b2
 538 0279 10       		.uleb128 0x10
 539 027a 10000000 		.4byte	.LBB2
 540 027e 0C000000 		.4byte	.LBE2-.LBB2
 541 0282 A8020000 		.4byte	0x2a8
 542 0286 11       		.uleb128 0x11
 543 0287 25020000 		.4byte	.LASF24
 544 028b 01       		.byte	0x1
 545 028c C5       		.byte	0xc5
 546 028d 8D000000 		.4byte	0x8d
 547 0291 00000000 		.4byte	.LLST0
 548 0295 0A       		.uleb128 0xa
 549 0296 14000000 		.4byte	.LVL20
 550 029a 66030000 		.4byte	0x366
 551 029e 0A       		.uleb128 0xa
 552 029f 1C000000 		.4byte	.LVL22
 553 02a3 72030000 		.4byte	0x372
 554 02a7 00       		.byte	0
 555 02a8 0A       		.uleb128 0xa
 556 02a9 20000000 		.4byte	.LVL23
 557 02ad 84030000 		.4byte	0x384
 558 02b1 00       		.byte	0
 559 02b2 12       		.uleb128 0x12
 560 02b3 00000000 		.4byte	.LASF28
 561 02b7 07       		.byte	0x7
 562 02b8 28       		.byte	0x28
 563 02b9 13       		.uleb128 0x13
 564 02ba 45020000 		.4byte	.LASF36
 565 02be 0C       		.byte	0xc
 566 02bf 39       		.byte	0x39
 567 02c0 81000000 		.4byte	0x81
 568 02c4 14       		.uleb128 0x14
 569 02c5 36030000 		.4byte	.LASF25
 570 02c9 05       		.byte	0x5
 571 02ca 33       		.byte	0x33
 572 02cb D5020000 		.4byte	0x2d5
 573 02cf 15       		.uleb128 0x15
 574 02d0 81000000 		.4byte	0x81
 575 02d4 00       		.byte	0
 576 02d5 14       		.uleb128 0x14
 577 02d6 2E030000 		.4byte	.LASF26
 578 02da 06       		.byte	0x6
 579 02db 5A       		.byte	0x5a
 580 02dc E6020000 		.4byte	0x2e6
 581 02e0 15       		.uleb128 0x15
 582 02e1 8D000000 		.4byte	0x8d
 583 02e5 00       		.byte	0
 584 02e6 14       		.uleb128 0x14
 585 02e7 81000000 		.4byte	.LASF27
ARM GAS  C:\Users\ADMINI~1\AppData\Local\Temp\cchjaSZb.s 			page 15


 586 02eb 06       		.byte	0x6
 587 02ec 53       		.byte	0x53
 588 02ed F7020000 		.4byte	0x2f7
 589 02f1 15       		.uleb128 0x15
 590 02f2 81000000 		.4byte	0x81
 591 02f6 00       		.byte	0
 592 02f7 12       		.uleb128 0x12
 593 02f8 15000000 		.4byte	.LASF29
 594 02fc 08       		.byte	0x8
 595 02fd 68       		.byte	0x68
 596 02fe 12       		.uleb128 0x12
 597 02ff F5010000 		.4byte	.LASF30
 598 0303 09       		.byte	0x9
 599 0304 17       		.byte	0x17
 600 0305 16       		.uleb128 0x16
 601 0306 40000000 		.4byte	.LASF31
 602 030a 0A       		.byte	0xa
 603 030b 7701     		.2byte	0x177
 604 030d 17030000 		.4byte	0x317
 605 0311 15       		.uleb128 0x15
 606 0312 17030000 		.4byte	0x317
 607 0316 00       		.byte	0
 608 0317 07       		.uleb128 0x7
 609 0318 04       		.byte	0x4
 610 0319 1D030000 		.4byte	0x31d
 611 031d 17       		.uleb128 0x17
 612 031e A7000000 		.4byte	0xa7
 613 0322 14       		.uleb128 0x14
 614 0323 11030000 		.4byte	.LASF32
 615 0327 0B       		.byte	0xb
 616 0328 33       		.byte	0x33
 617 0329 33030000 		.4byte	0x333
 618 032d 15       		.uleb128 0x15
 619 032e 81000000 		.4byte	0x81
 620 0332 00       		.byte	0
 621 0333 14       		.uleb128 0x14
 622 0334 84010000 		.4byte	.LASF33
 623 0338 07       		.byte	0x7
 624 0339 18       		.byte	0x18
 625 033a 44030000 		.4byte	0x344
 626 033e 15       		.uleb128 0x15
 627 033f CB000000 		.4byte	0xcb
 628 0343 00       		.byte	0
 629 0344 14       		.uleb128 0x14
 630 0345 2C000000 		.4byte	.LASF34
 631 0349 07       		.byte	0x7
 632 034a 20       		.byte	0x20
 633 034b 55030000 		.4byte	0x355
 634 034f 15       		.uleb128 0x15
 635 0350 81000000 		.4byte	0x81
 636 0354 00       		.byte	0
 637 0355 14       		.uleb128 0x14
 638 0356 0A020000 		.4byte	.LASF35
 639 035a 06       		.byte	0x6
 640 035b 54       		.byte	0x54
 641 035c 66030000 		.4byte	0x366
 642 0360 15       		.uleb128 0x15
ARM GAS  C:\Users\ADMINI~1\AppData\Local\Temp\cchjaSZb.s 			page 16


 643 0361 81000000 		.4byte	0x81
 644 0365 00       		.byte	0
 645 0366 18       		.uleb128 0x18
 646 0367 CF010000 		.4byte	.LASF37
 647 036b 0A       		.byte	0xa
 648 036c 8501     		.2byte	0x185
 649 036e 8D000000 		.4byte	0x8d
 650 0372 16       		.uleb128 0x16
 651 0373 D3000000 		.4byte	.LASF38
 652 0377 0A       		.byte	0xa
 653 0378 8C01     		.2byte	0x18c
 654 037a 84030000 		.4byte	0x384
 655 037e 15       		.uleb128 0x15
 656 037f 8D000000 		.4byte	0x8d
 657 0383 00       		.byte	0
 658 0384 19       		.uleb128 0x19
 659 0385 B3010000 		.4byte	.LASF39
 660 0389 0A       		.byte	0xa
 661 038a 8701     		.2byte	0x187
 662 038c 00       		.byte	0
 663              		.section	.debug_abbrev,"",%progbits
 664              	.Ldebug_abbrev0:
 665 0000 01       		.uleb128 0x1
 666 0001 11       		.uleb128 0x11
 667 0002 01       		.byte	0x1
 668 0003 25       		.uleb128 0x25
 669 0004 0E       		.uleb128 0xe
 670 0005 13       		.uleb128 0x13
 671 0006 0B       		.uleb128 0xb
 672 0007 03       		.uleb128 0x3
 673 0008 0E       		.uleb128 0xe
 674 0009 1B       		.uleb128 0x1b
 675 000a 0E       		.uleb128 0xe
 676 000b 55       		.uleb128 0x55
 677 000c 17       		.uleb128 0x17
 678 000d 11       		.uleb128 0x11
 679 000e 01       		.uleb128 0x1
 680 000f 10       		.uleb128 0x10
 681 0010 17       		.uleb128 0x17
 682 0011 00       		.byte	0
 683 0012 00       		.byte	0
 684 0013 02       		.uleb128 0x2
 685 0014 24       		.uleb128 0x24
 686 0015 00       		.byte	0
 687 0016 0B       		.uleb128 0xb
 688 0017 0B       		.uleb128 0xb
 689 0018 3E       		.uleb128 0x3e
 690 0019 0B       		.uleb128 0xb
 691 001a 03       		.uleb128 0x3
 692 001b 0E       		.uleb128 0xe
 693 001c 00       		.byte	0
 694 001d 00       		.byte	0
 695 001e 03       		.uleb128 0x3
 696 001f 16       		.uleb128 0x16
 697 0020 00       		.byte	0
 698 0021 03       		.uleb128 0x3
 699 0022 0E       		.uleb128 0xe
ARM GAS  C:\Users\ADMINI~1\AppData\Local\Temp\cchjaSZb.s 			page 17


 700 0023 3A       		.uleb128 0x3a
 701 0024 0B       		.uleb128 0xb
 702 0025 3B       		.uleb128 0x3b
 703 0026 0B       		.uleb128 0xb
 704 0027 49       		.uleb128 0x49
 705 0028 13       		.uleb128 0x13
 706 0029 00       		.byte	0
 707 002a 00       		.byte	0
 708 002b 04       		.uleb128 0x4
 709 002c 24       		.uleb128 0x24
 710 002d 00       		.byte	0
 711 002e 0B       		.uleb128 0xb
 712 002f 0B       		.uleb128 0xb
 713 0030 3E       		.uleb128 0x3e
 714 0031 0B       		.uleb128 0xb
 715 0032 03       		.uleb128 0x3
 716 0033 08       		.uleb128 0x8
 717 0034 00       		.byte	0
 718 0035 00       		.byte	0
 719 0036 05       		.uleb128 0x5
 720 0037 16       		.uleb128 0x16
 721 0038 00       		.byte	0
 722 0039 03       		.uleb128 0x3
 723 003a 0E       		.uleb128 0xe
 724 003b 3A       		.uleb128 0x3a
 725 003c 0B       		.uleb128 0xb
 726 003d 3B       		.uleb128 0x3b
 727 003e 05       		.uleb128 0x5
 728 003f 49       		.uleb128 0x49
 729 0040 13       		.uleb128 0x13
 730 0041 00       		.byte	0
 731 0042 00       		.byte	0
 732 0043 06       		.uleb128 0x6
 733 0044 35       		.uleb128 0x35
 734 0045 00       		.byte	0
 735 0046 49       		.uleb128 0x49
 736 0047 13       		.uleb128 0x13
 737 0048 00       		.byte	0
 738 0049 00       		.byte	0
 739 004a 07       		.uleb128 0x7
 740 004b 0F       		.uleb128 0xf
 741 004c 00       		.byte	0
 742 004d 0B       		.uleb128 0xb
 743 004e 0B       		.uleb128 0xb
 744 004f 49       		.uleb128 0x49
 745 0050 13       		.uleb128 0x13
 746 0051 00       		.byte	0
 747 0052 00       		.byte	0
 748 0053 08       		.uleb128 0x8
 749 0054 15       		.uleb128 0x15
 750 0055 00       		.byte	0
 751 0056 27       		.uleb128 0x27
 752 0057 19       		.uleb128 0x19
 753 0058 00       		.byte	0
 754 0059 00       		.byte	0
 755 005a 09       		.uleb128 0x9
 756 005b 2E       		.uleb128 0x2e
ARM GAS  C:\Users\ADMINI~1\AppData\Local\Temp\cchjaSZb.s 			page 18


 757 005c 01       		.byte	0x1
 758 005d 3F       		.uleb128 0x3f
 759 005e 19       		.uleb128 0x19
 760 005f 03       		.uleb128 0x3
 761 0060 0E       		.uleb128 0xe
 762 0061 3A       		.uleb128 0x3a
 763 0062 0B       		.uleb128 0xb
 764 0063 3B       		.uleb128 0x3b
 765 0064 0B       		.uleb128 0xb
 766 0065 27       		.uleb128 0x27
 767 0066 19       		.uleb128 0x19
 768 0067 11       		.uleb128 0x11
 769 0068 01       		.uleb128 0x1
 770 0069 12       		.uleb128 0x12
 771 006a 06       		.uleb128 0x6
 772 006b 40       		.uleb128 0x40
 773 006c 18       		.uleb128 0x18
 774 006d 9742     		.uleb128 0x2117
 775 006f 19       		.uleb128 0x19
 776 0070 01       		.uleb128 0x1
 777 0071 13       		.uleb128 0x13
 778 0072 00       		.byte	0
 779 0073 00       		.byte	0
 780 0074 0A       		.uleb128 0xa
 781 0075 898201   		.uleb128 0x4109
 782 0078 00       		.byte	0
 783 0079 11       		.uleb128 0x11
 784 007a 01       		.uleb128 0x1
 785 007b 31       		.uleb128 0x31
 786 007c 13       		.uleb128 0x13
 787 007d 00       		.byte	0
 788 007e 00       		.byte	0
 789 007f 0B       		.uleb128 0xb
 790 0080 898201   		.uleb128 0x4109
 791 0083 01       		.byte	0x1
 792 0084 11       		.uleb128 0x11
 793 0085 01       		.uleb128 0x1
 794 0086 31       		.uleb128 0x31
 795 0087 13       		.uleb128 0x13
 796 0088 01       		.uleb128 0x1
 797 0089 13       		.uleb128 0x13
 798 008a 00       		.byte	0
 799 008b 00       		.byte	0
 800 008c 0C       		.uleb128 0xc
 801 008d 8A8201   		.uleb128 0x410a
 802 0090 00       		.byte	0
 803 0091 02       		.uleb128 0x2
 804 0092 18       		.uleb128 0x18
 805 0093 9142     		.uleb128 0x2111
 806 0095 18       		.uleb128 0x18
 807 0096 00       		.byte	0
 808 0097 00       		.byte	0
 809 0098 0D       		.uleb128 0xd
 810 0099 898201   		.uleb128 0x4109
 811 009c 01       		.byte	0x1
 812 009d 11       		.uleb128 0x11
 813 009e 01       		.uleb128 0x1
ARM GAS  C:\Users\ADMINI~1\AppData\Local\Temp\cchjaSZb.s 			page 19


 814 009f 31       		.uleb128 0x31
 815 00a0 13       		.uleb128 0x13
 816 00a1 00       		.byte	0
 817 00a2 00       		.byte	0
 818 00a3 0E       		.uleb128 0xe
 819 00a4 2E       		.uleb128 0x2e
 820 00a5 01       		.byte	0x1
 821 00a6 3F       		.uleb128 0x3f
 822 00a7 19       		.uleb128 0x19
 823 00a8 03       		.uleb128 0x3
 824 00a9 0E       		.uleb128 0xe
 825 00aa 3A       		.uleb128 0x3a
 826 00ab 0B       		.uleb128 0xb
 827 00ac 3B       		.uleb128 0x3b
 828 00ad 0B       		.uleb128 0xb
 829 00ae 49       		.uleb128 0x49
 830 00af 13       		.uleb128 0x13
 831 00b0 11       		.uleb128 0x11
 832 00b1 01       		.uleb128 0x1
 833 00b2 12       		.uleb128 0x12
 834 00b3 06       		.uleb128 0x6
 835 00b4 40       		.uleb128 0x40
 836 00b5 18       		.uleb128 0x18
 837 00b6 9742     		.uleb128 0x2117
 838 00b8 19       		.uleb128 0x19
 839 00b9 01       		.uleb128 0x1
 840 00ba 13       		.uleb128 0x13
 841 00bb 00       		.byte	0
 842 00bc 00       		.byte	0
 843 00bd 0F       		.uleb128 0xf
 844 00be 34       		.uleb128 0x34
 845 00bf 00       		.byte	0
 846 00c0 03       		.uleb128 0x3
 847 00c1 08       		.uleb128 0x8
 848 00c2 3A       		.uleb128 0x3a
 849 00c3 0B       		.uleb128 0xb
 850 00c4 3B       		.uleb128 0x3b
 851 00c5 0B       		.uleb128 0xb
 852 00c6 49       		.uleb128 0x49
 853 00c7 13       		.uleb128 0x13
 854 00c8 1C       		.uleb128 0x1c
 855 00c9 0B       		.uleb128 0xb
 856 00ca 00       		.byte	0
 857 00cb 00       		.byte	0
 858 00cc 10       		.uleb128 0x10
 859 00cd 0B       		.uleb128 0xb
 860 00ce 01       		.byte	0x1
 861 00cf 11       		.uleb128 0x11
 862 00d0 01       		.uleb128 0x1
 863 00d1 12       		.uleb128 0x12
 864 00d2 06       		.uleb128 0x6
 865 00d3 01       		.uleb128 0x1
 866 00d4 13       		.uleb128 0x13
 867 00d5 00       		.byte	0
 868 00d6 00       		.byte	0
 869 00d7 11       		.uleb128 0x11
 870 00d8 34       		.uleb128 0x34
ARM GAS  C:\Users\ADMINI~1\AppData\Local\Temp\cchjaSZb.s 			page 20


 871 00d9 00       		.byte	0
 872 00da 03       		.uleb128 0x3
 873 00db 0E       		.uleb128 0xe
 874 00dc 3A       		.uleb128 0x3a
 875 00dd 0B       		.uleb128 0xb
 876 00de 3B       		.uleb128 0x3b
 877 00df 0B       		.uleb128 0xb
 878 00e0 49       		.uleb128 0x49
 879 00e1 13       		.uleb128 0x13
 880 00e2 02       		.uleb128 0x2
 881 00e3 17       		.uleb128 0x17
 882 00e4 00       		.byte	0
 883 00e5 00       		.byte	0
 884 00e6 12       		.uleb128 0x12
 885 00e7 2E       		.uleb128 0x2e
 886 00e8 00       		.byte	0
 887 00e9 3F       		.uleb128 0x3f
 888 00ea 19       		.uleb128 0x19
 889 00eb 03       		.uleb128 0x3
 890 00ec 0E       		.uleb128 0xe
 891 00ed 3A       		.uleb128 0x3a
 892 00ee 0B       		.uleb128 0xb
 893 00ef 3B       		.uleb128 0x3b
 894 00f0 0B       		.uleb128 0xb
 895 00f1 27       		.uleb128 0x27
 896 00f2 19       		.uleb128 0x19
 897 00f3 3C       		.uleb128 0x3c
 898 00f4 19       		.uleb128 0x19
 899 00f5 00       		.byte	0
 900 00f6 00       		.byte	0
 901 00f7 13       		.uleb128 0x13
 902 00f8 2E       		.uleb128 0x2e
 903 00f9 00       		.byte	0
 904 00fa 3F       		.uleb128 0x3f
 905 00fb 19       		.uleb128 0x19
 906 00fc 03       		.uleb128 0x3
 907 00fd 0E       		.uleb128 0xe
 908 00fe 3A       		.uleb128 0x3a
 909 00ff 0B       		.uleb128 0xb
 910 0100 3B       		.uleb128 0x3b
 911 0101 0B       		.uleb128 0xb
 912 0102 27       		.uleb128 0x27
 913 0103 19       		.uleb128 0x19
 914 0104 49       		.uleb128 0x49
 915 0105 13       		.uleb128 0x13
 916 0106 3C       		.uleb128 0x3c
 917 0107 19       		.uleb128 0x19
 918 0108 00       		.byte	0
 919 0109 00       		.byte	0
 920 010a 14       		.uleb128 0x14
 921 010b 2E       		.uleb128 0x2e
 922 010c 01       		.byte	0x1
 923 010d 3F       		.uleb128 0x3f
 924 010e 19       		.uleb128 0x19
 925 010f 03       		.uleb128 0x3
 926 0110 0E       		.uleb128 0xe
 927 0111 3A       		.uleb128 0x3a
ARM GAS  C:\Users\ADMINI~1\AppData\Local\Temp\cchjaSZb.s 			page 21


 928 0112 0B       		.uleb128 0xb
 929 0113 3B       		.uleb128 0x3b
 930 0114 0B       		.uleb128 0xb
 931 0115 27       		.uleb128 0x27
 932 0116 19       		.uleb128 0x19
 933 0117 3C       		.uleb128 0x3c
 934 0118 19       		.uleb128 0x19
 935 0119 01       		.uleb128 0x1
 936 011a 13       		.uleb128 0x13
 937 011b 00       		.byte	0
 938 011c 00       		.byte	0
 939 011d 15       		.uleb128 0x15
 940 011e 05       		.uleb128 0x5
 941 011f 00       		.byte	0
 942 0120 49       		.uleb128 0x49
 943 0121 13       		.uleb128 0x13
 944 0122 00       		.byte	0
 945 0123 00       		.byte	0
 946 0124 16       		.uleb128 0x16
 947 0125 2E       		.uleb128 0x2e
 948 0126 01       		.byte	0x1
 949 0127 3F       		.uleb128 0x3f
 950 0128 19       		.uleb128 0x19
 951 0129 03       		.uleb128 0x3
 952 012a 0E       		.uleb128 0xe
 953 012b 3A       		.uleb128 0x3a
 954 012c 0B       		.uleb128 0xb
 955 012d 3B       		.uleb128 0x3b
 956 012e 05       		.uleb128 0x5
 957 012f 27       		.uleb128 0x27
 958 0130 19       		.uleb128 0x19
 959 0131 3C       		.uleb128 0x3c
 960 0132 19       		.uleb128 0x19
 961 0133 01       		.uleb128 0x1
 962 0134 13       		.uleb128 0x13
 963 0135 00       		.byte	0
 964 0136 00       		.byte	0
 965 0137 17       		.uleb128 0x17
 966 0138 26       		.uleb128 0x26
 967 0139 00       		.byte	0
 968 013a 49       		.uleb128 0x49
 969 013b 13       		.uleb128 0x13
 970 013c 00       		.byte	0
 971 013d 00       		.byte	0
 972 013e 18       		.uleb128 0x18
 973 013f 2E       		.uleb128 0x2e
 974 0140 00       		.byte	0
 975 0141 3F       		.uleb128 0x3f
 976 0142 19       		.uleb128 0x19
 977 0143 03       		.uleb128 0x3
 978 0144 0E       		.uleb128 0xe
 979 0145 3A       		.uleb128 0x3a
 980 0146 0B       		.uleb128 0xb
 981 0147 3B       		.uleb128 0x3b
 982 0148 05       		.uleb128 0x5
 983 0149 27       		.uleb128 0x27
 984 014a 19       		.uleb128 0x19
ARM GAS  C:\Users\ADMINI~1\AppData\Local\Temp\cchjaSZb.s 			page 22


 985 014b 49       		.uleb128 0x49
 986 014c 13       		.uleb128 0x13
 987 014d 3C       		.uleb128 0x3c
 988 014e 19       		.uleb128 0x19
 989 014f 00       		.byte	0
 990 0150 00       		.byte	0
 991 0151 19       		.uleb128 0x19
 992 0152 2E       		.uleb128 0x2e
 993 0153 00       		.byte	0
 994 0154 3F       		.uleb128 0x3f
 995 0155 19       		.uleb128 0x19
 996 0156 03       		.uleb128 0x3
 997 0157 0E       		.uleb128 0xe
 998 0158 3A       		.uleb128 0x3a
 999 0159 0B       		.uleb128 0xb
 1000 015a 3B       		.uleb128 0x3b
 1001 015b 05       		.uleb128 0x5
 1002 015c 27       		.uleb128 0x27
 1003 015d 19       		.uleb128 0x19
 1004 015e 3C       		.uleb128 0x3c
 1005 015f 19       		.uleb128 0x19
 1006 0160 00       		.byte	0
 1007 0161 00       		.byte	0
 1008 0162 00       		.byte	0
 1009              		.section	.debug_loc,"",%progbits
 1010              	.Ldebug_loc0:
 1011              	.LLST0:
 1012 0000 10000000 		.4byte	.LVL19
 1013 0004 14000000 		.4byte	.LVL20
 1014 0008 0200     		.2byte	0x2
 1015 000a 30       		.byte	0x30
 1016 000b 9F       		.byte	0x9f
 1017 000c 14000000 		.4byte	.LVL20
 1018 0010 18000000 		.4byte	.LVL21
 1019 0014 0100     		.2byte	0x1
 1020 0016 50       		.byte	0x50
 1021 0017 00000000 		.4byte	0
 1022 001b 00000000 		.4byte	0
 1023              		.section	.debug_aranges,"",%progbits
 1024 0000 34000000 		.4byte	0x34
 1025 0004 0200     		.2byte	0x2
 1026 0006 00000000 		.4byte	.Ldebug_info0
 1027 000a 04       		.byte	0x4
 1028 000b 00       		.byte	0
 1029 000c 0000     		.2byte	0
 1030 000e 0000     		.2byte	0
 1031 0010 00000000 		.4byte	.LFB38
 1032 0014 26000000 		.4byte	.LFE38-.LFB38
 1033 0018 00000000 		.4byte	.LFB37
 1034 001c 34000000 		.4byte	.LFE37-.LFB37
 1035 0020 00000000 		.4byte	.LFB39
 1036 0024 26000000 		.4byte	.LFE39-.LFB39
 1037 0028 00000000 		.4byte	.LFB40
 1038 002c 2C000000 		.4byte	.LFE40-.LFB40
 1039 0030 00000000 		.4byte	0
 1040 0034 00000000 		.4byte	0
 1041              		.section	.debug_ranges,"",%progbits
ARM GAS  C:\Users\ADMINI~1\AppData\Local\Temp\cchjaSZb.s 			page 23


 1042              	.Ldebug_ranges0:
 1043 0000 00000000 		.4byte	.LFB38
 1044 0004 26000000 		.4byte	.LFE38
 1045 0008 00000000 		.4byte	.LFB37
 1046 000c 34000000 		.4byte	.LFE37
 1047 0010 00000000 		.4byte	.LFB39
 1048 0014 26000000 		.4byte	.LFE39
 1049 0018 00000000 		.4byte	.LFB40
 1050 001c 2C000000 		.4byte	.LFE40
 1051 0020 00000000 		.4byte	0
 1052 0024 00000000 		.4byte	0
 1053              		.section	.debug_line,"",%progbits
 1054              	.Ldebug_line0:
 1055 0000 1A020000 		.section	.debug_str,"MS",%progbits,1
 1055      0200B101 
 1055      00000201 
 1055      FB0E0D00 
 1055      01010101 
 1056              	.LASF28:
 1057 0000 49535247 		.ascii	"ISRGPIO_ClearPending\000"
 1057      50494F5F 
 1057      436C6561 
 1057      7250656E 
 1057      64696E67 
 1058              	.LASF29:
 1059 0015 55415254 		.ascii	"UART_1_Start\000"
 1059      5F315F53 
 1059      74617274 
 1059      00
 1060              	.LASF9:
 1061 0022 5F5F7569 		.ascii	"__uint8_t\000"
 1061      6E74385F 
 1061      7400
 1062              	.LASF34:
 1063 002c 49535247 		.ascii	"ISRGPIO_SetPriority\000"
 1063      50494F5F 
 1063      53657450 
 1063      72696F72 
 1063      69747900 
 1064              	.LASF31:
 1065 0040 55415254 		.ascii	"UART_1_UartPutString\000"
 1065      5F315F55 
 1065      61727450 
 1065      75745374 
 1065      72696E67 
 1066              	.LASF3:
 1067 0055 73686F72 		.ascii	"short unsigned int\000"
 1067      7420756E 
 1067      7369676E 
 1067      65642069 
 1067      6E7400
 1068              	.LASF23:
 1069 0068 55415254 		.ascii	"UART_1_SCB_IRQ_Interrupt\000"
 1069      5F315F53 
 1069      43425F49 
 1069      52515F49 
 1069      6E746572 
ARM GAS  C:\Users\ADMINI~1\AppData\Local\Temp\cchjaSZb.s 			page 24


 1070              	.LASF27:
 1071 0081 4379496E 		.ascii	"CyIntSetPending\000"
 1071      74536574 
 1071      50656E64 
 1071      696E6700 
 1072              	.LASF13:
 1073 0091 666C6F61 		.ascii	"float\000"
 1073      7400
 1074              	.LASF1:
 1075 0097 756E7369 		.ascii	"unsigned char\000"
 1075      676E6564 
 1075      20636861 
 1075      7200
 1076              	.LASF15:
 1077 00a5 63686172 		.ascii	"char8\000"
 1077      3800
 1078              	.LASF5:
 1079 00ab 6C6F6E67 		.ascii	"long unsigned int\000"
 1079      20756E73 
 1079      69676E65 
 1079      6420696E 
 1079      7400
 1080              	.LASF11:
 1081 00bd 75696E74 		.ascii	"uint8\000"
 1081      3800
 1082              	.LASF14:
 1083 00c3 646F7562 		.ascii	"double\000"
 1083      6C6500
 1084              	.LASF41:
 1085 00ca 2E5C6D61 		.ascii	".\\main.c\000"
 1085      696E2E63 
 1085      00
 1086              	.LASF38:
 1087 00d3 55415254 		.ascii	"UART_1_SpiUartWriteTxData\000"
 1087      5F315F53 
 1087      70695561 
 1087      72745772 
 1087      69746554 
 1088              	.LASF12:
 1089 00ed 75696E74 		.ascii	"uint32\000"
 1089      333200
 1090              	.LASF21:
 1091 00f4 6D61696E 		.ascii	"main\000"
 1091      00
 1092              	.LASF42:
 1093 00f9 433A5C55 		.ascii	"C:\\Users\\Administrator\\Desktop\\Temporary Files\\"
 1093      73657273 
 1093      5C41646D 
 1093      696E6973 
 1093      74726174 
 1094 0128 43595F69 		.ascii	"CY_interruped\\Interrupts_Example01\\Interrupts_Exa"
 1094      6E746572 
 1094      72757065 
 1094      645C496E 
 1094      74657272 
 1095 0159 6D706C65 		.ascii	"mple01.cydsn\000"
 1095      30312E63 
ARM GAS  C:\Users\ADMINI~1\AppData\Local\Temp\cchjaSZb.s 			page 25


 1095      7964736E 
 1095      00
 1096              	.LASF8:
 1097 0166 756E7369 		.ascii	"unsigned int\000"
 1097      676E6564 
 1097      20696E74 
 1097      00
 1098              	.LASF22:
 1099 0173 4E657374 		.ascii	"NestedIsrHandler\000"
 1099      65644973 
 1099      7248616E 
 1099      646C6572 
 1099      00
 1100              	.LASF33:
 1101 0184 49535247 		.ascii	"ISRGPIO_StartEx\000"
 1101      50494F5F 
 1101      53746172 
 1101      74457800 
 1102              	.LASF7:
 1103 0194 6C6F6E67 		.ascii	"long long unsigned int\000"
 1103      206C6F6E 
 1103      6720756E 
 1103      7369676E 
 1103      65642069 
 1104              	.LASF10:
 1105 01ab 75696E74 		.ascii	"uint8_t\000"
 1105      385F7400 
 1106              	.LASF39:
 1107 01b3 55415254 		.ascii	"UART_1_SpiUartClearRxBuffer\000"
 1107      5F315F53 
 1107      70695561 
 1107      7274436C 
 1107      65617252 
 1108              	.LASF37:
 1109 01cf 55415254 		.ascii	"UART_1_SpiUartReadRxData\000"
 1109      5F315F53 
 1109      70695561 
 1109      72745265 
 1109      61645278 
 1110              	.LASF18:
 1111 01e8 63796973 		.ascii	"cyisraddress\000"
 1111      72616464 
 1111      72657373 
 1111      00
 1112              	.LASF30:
 1113 01f5 55415254 		.ascii	"UART_1_SCB_IRQ_Start\000"
 1113      5F315F53 
 1113      43425F49 
 1113      52515F53 
 1113      74617274 
 1114              	.LASF35:
 1115 020a 4379496E 		.ascii	"CyIntClearPending\000"
 1115      74436C65 
 1115      61725065 
 1115      6E64696E 
 1115      6700
 1116              	.LASF19:
ARM GAS  C:\Users\ADMINI~1\AppData\Local\Temp\cchjaSZb.s 			page 26


 1117 021c 73697A65 		.ascii	"sizetype\000"
 1117      74797065 
 1117      00
 1118              	.LASF24:
 1119 0225 52656365 		.ascii	"ReceviceData\000"
 1119      76696365 
 1119      44617461 
 1119      00
 1120              	.LASF6:
 1121 0232 6C6F6E67 		.ascii	"long long int\000"
 1121      206C6F6E 
 1121      6720696E 
 1121      7400
 1122              	.LASF16:
 1123 0240 63686172 		.ascii	"char\000"
 1123      00
 1124              	.LASF36:
 1125 0245 50696E5F 		.ascii	"Pin_Sw_ClearInterrupt\000"
 1125      53775F43 
 1125      6C656172 
 1125      496E7465 
 1125      72727570 
 1126              	.LASF20:
 1127 025b 4750494F 		.ascii	"GPIOIsrHandler\000"
 1127      49737248 
 1127      616E646C 
 1127      657200
 1128              	.LASF40:
 1129 026a 474E5520 		.ascii	"GNU C 4.9.3 20150303 (release) [ARM/embedded-4_9-br"
 1129      4320342E 
 1129      392E3320 
 1129      32303135 
 1129      30333033 
 1130 029d 616E6368 		.ascii	"anch revision 221220] -mcpu=cortex-m0 -mthumb -g -O"
 1130      20726576 
 1130      6973696F 
 1130      6E203232 
 1130      31323230 
 1131 02d0 67202D66 		.ascii	"g -ffunction-sections -ffat-lto-objects\000"
 1131      66756E63 
 1131      74696F6E 
 1131      2D736563 
 1131      74696F6E 
 1132              	.LASF2:
 1133 02f8 73686F72 		.ascii	"short int\000"
 1133      7420696E 
 1133      7400
 1134              	.LASF4:
 1135 0302 6C6F6E67 		.ascii	"long int\000"
 1135      20696E74 
 1135      00
 1136              	.LASF17:
 1137 030b 72656733 		.ascii	"reg32\000"
 1137      3200
 1138              	.LASF32:
 1139 0311 4C45445F 		.ascii	"LED_Nested_Write\000"
 1139      4E657374 
ARM GAS  C:\Users\ADMINI~1\AppData\Local\Temp\cchjaSZb.s 			page 27


 1139      65645F57 
 1139      72697465 
 1139      00
 1140              	.LASF0:
 1141 0322 7369676E 		.ascii	"signed char\000"
 1141      65642063 
 1141      68617200 
 1142              	.LASF26:
 1143 032e 43794465 		.ascii	"CyDelay\000"
 1143      6C617900 
 1144              	.LASF25:
 1145 0336 4C45445F 		.ascii	"LED_Isr_Write\000"
 1145      4973725F 
 1145      57726974 
 1145      6500
 1146              		.ident	"GCC: (GNU Tools for ARM Embedded Processors) 4.9.3 20150303 (release) [ARM/embedded-4_9-br
