ARM GAS  C:\Users\ADMINI~1\AppData\Local\Temp\cc7xBOqu.s 			page 1


   1              		.cpu cortex-m0
   2              		.fpu softvfp
   3              		.eabi_attribute 20, 1
   4              		.eabi_attribute 21, 1
   5              		.eabi_attribute 23, 3
   6              		.eabi_attribute 24, 1
   7              		.eabi_attribute 25, 1
   8              		.eabi_attribute 26, 1
   9              		.eabi_attribute 30, 6
  10              		.eabi_attribute 34, 0
  11              		.eabi_attribute 18, 4
  12              		.code	16
  13              		.file	"cyfitter_cfg.c"
  14              		.text
  15              	.Ltext0:
  16              		.cfi_sections	.debug_frame
  17              		.section	.text.CYMEMZERO,"ax",%progbits
  18              		.align	2
  19              		.code	16
  20              		.thumb_func
  21              		.type	CYMEMZERO, %function
  22              	CYMEMZERO:
  23              	.LFB2:
  24              		.file 1 ".\\Generated_Source\\PSoC4\\cyfitter_cfg.c"
   1:.\Generated_Source\PSoC4/cyfitter_cfg.c **** /*******************************************************************************
   2:.\Generated_Source\PSoC4/cyfitter_cfg.c **** * File Name: cyfitter_cfg.c
   3:.\Generated_Source\PSoC4/cyfitter_cfg.c **** * 
   4:.\Generated_Source\PSoC4/cyfitter_cfg.c **** * PSoC Creator  3.3 SP1
   5:.\Generated_Source\PSoC4/cyfitter_cfg.c **** *
   6:.\Generated_Source\PSoC4/cyfitter_cfg.c **** * Description:
   7:.\Generated_Source\PSoC4/cyfitter_cfg.c **** * This file contains device initialization code.
   8:.\Generated_Source\PSoC4/cyfitter_cfg.c **** * Except for the user defined sections in CyClockStartupError(), this file should not be modified.
   9:.\Generated_Source\PSoC4/cyfitter_cfg.c **** * This file is automatically generated by PSoC Creator.
  10:.\Generated_Source\PSoC4/cyfitter_cfg.c **** *
  11:.\Generated_Source\PSoC4/cyfitter_cfg.c **** ********************************************************************************
  12:.\Generated_Source\PSoC4/cyfitter_cfg.c **** * Copyright (c) 2007-2015 Cypress Semiconductor.  All rights reserved.
  13:.\Generated_Source\PSoC4/cyfitter_cfg.c **** * You may use this file only in accordance with the license, terms, conditions, 
  14:.\Generated_Source\PSoC4/cyfitter_cfg.c **** * disclaimers, and limitations in the end user license agreement accompanying 
  15:.\Generated_Source\PSoC4/cyfitter_cfg.c **** * the software package with which this file was provided.
  16:.\Generated_Source\PSoC4/cyfitter_cfg.c **** ********************************************************************************/
  17:.\Generated_Source\PSoC4/cyfitter_cfg.c **** 
  18:.\Generated_Source\PSoC4/cyfitter_cfg.c **** #include <string.h>
  19:.\Generated_Source\PSoC4/cyfitter_cfg.c **** #include "cytypes.h"
  20:.\Generated_Source\PSoC4/cyfitter_cfg.c **** #include "cydevice_trm.h"
  21:.\Generated_Source\PSoC4/cyfitter_cfg.c **** #include "cyfitter.h"
  22:.\Generated_Source\PSoC4/cyfitter_cfg.c **** #include "CyLib.h"
  23:.\Generated_Source\PSoC4/cyfitter_cfg.c **** #include "cyfitter_cfg.h"
  24:.\Generated_Source\PSoC4/cyfitter_cfg.c **** 
  25:.\Generated_Source\PSoC4/cyfitter_cfg.c **** 
  26:.\Generated_Source\PSoC4/cyfitter_cfg.c **** #if defined(__GNUC__) || defined(__ARMCC_VERSION)
  27:.\Generated_Source\PSoC4/cyfitter_cfg.c ****     #define CYPACKED 
  28:.\Generated_Source\PSoC4/cyfitter_cfg.c ****     #define CYPACKED_ATTR __attribute__ ((packed))
  29:.\Generated_Source\PSoC4/cyfitter_cfg.c ****     #define CYALIGNED __attribute__ ((aligned))
  30:.\Generated_Source\PSoC4/cyfitter_cfg.c ****     #define CY_CFG_UNUSED __attribute__ ((unused))
  31:.\Generated_Source\PSoC4/cyfitter_cfg.c ****     #ifndef CY_CFG_SECTION
  32:.\Generated_Source\PSoC4/cyfitter_cfg.c ****         #define CY_CFG_SECTION __attribute__ ((section(".psocinit")))
  33:.\Generated_Source\PSoC4/cyfitter_cfg.c ****     #endif
ARM GAS  C:\Users\ADMINI~1\AppData\Local\Temp\cc7xBOqu.s 			page 2


  34:.\Generated_Source\PSoC4/cyfitter_cfg.c ****     
  35:.\Generated_Source\PSoC4/cyfitter_cfg.c ****     #if defined(__ARMCC_VERSION)
  36:.\Generated_Source\PSoC4/cyfitter_cfg.c ****         #define CY_CFG_MEMORY_BARRIER() __memory_changed()
  37:.\Generated_Source\PSoC4/cyfitter_cfg.c ****     #else
  38:.\Generated_Source\PSoC4/cyfitter_cfg.c ****         #define CY_CFG_MEMORY_BARRIER() __sync_synchronize()
  39:.\Generated_Source\PSoC4/cyfitter_cfg.c ****     #endif
  40:.\Generated_Source\PSoC4/cyfitter_cfg.c ****     
  41:.\Generated_Source\PSoC4/cyfitter_cfg.c **** #elif defined(__ICCARM__)
  42:.\Generated_Source\PSoC4/cyfitter_cfg.c ****     #include <intrinsics.h>
  43:.\Generated_Source\PSoC4/cyfitter_cfg.c **** 
  44:.\Generated_Source\PSoC4/cyfitter_cfg.c ****     #define CYPACKED __packed
  45:.\Generated_Source\PSoC4/cyfitter_cfg.c ****     #define CYPACKED_ATTR 
  46:.\Generated_Source\PSoC4/cyfitter_cfg.c ****     #define CYALIGNED _Pragma("data_alignment=4")
  47:.\Generated_Source\PSoC4/cyfitter_cfg.c ****     #define CY_CFG_UNUSED _Pragma("diag_suppress=Pe177")
  48:.\Generated_Source\PSoC4/cyfitter_cfg.c ****     #define CY_CFG_SECTION _Pragma("location=\".psocinit\"")
  49:.\Generated_Source\PSoC4/cyfitter_cfg.c ****     
  50:.\Generated_Source\PSoC4/cyfitter_cfg.c ****     #define CY_CFG_MEMORY_BARRIER() __DMB()
  51:.\Generated_Source\PSoC4/cyfitter_cfg.c ****     
  52:.\Generated_Source\PSoC4/cyfitter_cfg.c **** #else
  53:.\Generated_Source\PSoC4/cyfitter_cfg.c ****     #error Unsupported toolchain
  54:.\Generated_Source\PSoC4/cyfitter_cfg.c **** #endif
  55:.\Generated_Source\PSoC4/cyfitter_cfg.c **** 
  56:.\Generated_Source\PSoC4/cyfitter_cfg.c **** 
  57:.\Generated_Source\PSoC4/cyfitter_cfg.c **** CY_CFG_UNUSED
  58:.\Generated_Source\PSoC4/cyfitter_cfg.c **** static void CYMEMZERO(void *s, size_t n);
  59:.\Generated_Source\PSoC4/cyfitter_cfg.c **** CY_CFG_UNUSED
  60:.\Generated_Source\PSoC4/cyfitter_cfg.c **** static void CYMEMZERO(void *s, size_t n)
  61:.\Generated_Source\PSoC4/cyfitter_cfg.c **** {
  25              		.loc 1 61 0
  26              		.cfi_startproc
  27 0000 80B5     		push	{r7, lr}
  28              		.cfi_def_cfa_offset 8
  29              		.cfi_offset 7, -8
  30              		.cfi_offset 14, -4
  31 0002 82B0     		sub	sp, sp, #8
  32              		.cfi_def_cfa_offset 16
  33 0004 00AF     		add	r7, sp, #0
  34              		.cfi_def_cfa_register 7
  35 0006 7860     		str	r0, [r7, #4]
  36 0008 3960     		str	r1, [r7]
  62:.\Generated_Source\PSoC4/cyfitter_cfg.c **** 	(void)memset(s, 0, n);
  37              		.loc 1 62 0
  38 000a 7A68     		ldr	r2, [r7, #4]
  39 000c 3B68     		ldr	r3, [r7]
  40 000e 101C     		mov	r0, r2
  41 0010 0021     		mov	r1, #0
  42 0012 1A1C     		mov	r2, r3
  43 0014 FFF7FEFF 		bl	memset
  63:.\Generated_Source\PSoC4/cyfitter_cfg.c **** }
  44              		.loc 1 63 0
  45 0018 BD46     		mov	sp, r7
  46 001a 02B0     		add	sp, sp, #8
  47              		@ sp needed
  48 001c 80BD     		pop	{r7, pc}
  49              		.cfi_endproc
  50              	.LFE2:
  51              		.size	CYMEMZERO, .-CYMEMZERO
ARM GAS  C:\Users\ADMINI~1\AppData\Local\Temp\cc7xBOqu.s 			page 3


  52 001e C046     		.section	.text.CYCONFIGCPY,"ax",%progbits
  53              		.align	2
  54              		.code	16
  55              		.thumb_func
  56              		.type	CYCONFIGCPY, %function
  57              	CYCONFIGCPY:
  58              	.LFB3:
  64:.\Generated_Source\PSoC4/cyfitter_cfg.c **** CY_CFG_UNUSED
  65:.\Generated_Source\PSoC4/cyfitter_cfg.c **** static void CYCONFIGCPY(void *dest, const void *src, size_t n);
  66:.\Generated_Source\PSoC4/cyfitter_cfg.c **** CY_CFG_UNUSED
  67:.\Generated_Source\PSoC4/cyfitter_cfg.c **** static void CYCONFIGCPY(void *dest, const void *src, size_t n)
  68:.\Generated_Source\PSoC4/cyfitter_cfg.c **** {
  59              		.loc 1 68 0
  60              		.cfi_startproc
  61 0000 80B5     		push	{r7, lr}
  62              		.cfi_def_cfa_offset 8
  63              		.cfi_offset 7, -8
  64              		.cfi_offset 14, -4
  65 0002 84B0     		sub	sp, sp, #16
  66              		.cfi_def_cfa_offset 24
  67 0004 00AF     		add	r7, sp, #0
  68              		.cfi_def_cfa_register 7
  69 0006 F860     		str	r0, [r7, #12]
  70 0008 B960     		str	r1, [r7, #8]
  71 000a 7A60     		str	r2, [r7, #4]
  69:.\Generated_Source\PSoC4/cyfitter_cfg.c **** 	(void)memcpy(dest, src, n);
  72              		.loc 1 69 0
  73 000c F968     		ldr	r1, [r7, #12]
  74 000e BA68     		ldr	r2, [r7, #8]
  75 0010 7B68     		ldr	r3, [r7, #4]
  76 0012 081C     		mov	r0, r1
  77 0014 111C     		mov	r1, r2
  78 0016 1A1C     		mov	r2, r3
  79 0018 FFF7FEFF 		bl	memcpy
  70:.\Generated_Source\PSoC4/cyfitter_cfg.c **** }
  80              		.loc 1 70 0
  81 001c BD46     		mov	sp, r7
  82 001e 04B0     		add	sp, sp, #16
  83              		@ sp needed
  84 0020 80BD     		pop	{r7, pc}
  85              		.cfi_endproc
  86              	.LFE3:
  87              		.size	CYCONFIGCPY, .-CYCONFIGCPY
  88 0022 C046     		.section	.text.CYCONFIGCPYCODE,"ax",%progbits
  89              		.align	2
  90              		.code	16
  91              		.thumb_func
  92              		.type	CYCONFIGCPYCODE, %function
  93              	CYCONFIGCPYCODE:
  94              	.LFB4:
  71:.\Generated_Source\PSoC4/cyfitter_cfg.c **** CY_CFG_UNUSED
  72:.\Generated_Source\PSoC4/cyfitter_cfg.c **** static void CYCONFIGCPYCODE(void *dest, const void *src, size_t n);
  73:.\Generated_Source\PSoC4/cyfitter_cfg.c **** CY_CFG_UNUSED
  74:.\Generated_Source\PSoC4/cyfitter_cfg.c **** static void CYCONFIGCPYCODE(void *dest, const void *src, size_t n)
  75:.\Generated_Source\PSoC4/cyfitter_cfg.c **** {
  95              		.loc 1 75 0
  96              		.cfi_startproc
ARM GAS  C:\Users\ADMINI~1\AppData\Local\Temp\cc7xBOqu.s 			page 4


  97 0000 80B5     		push	{r7, lr}
  98              		.cfi_def_cfa_offset 8
  99              		.cfi_offset 7, -8
 100              		.cfi_offset 14, -4
 101 0002 84B0     		sub	sp, sp, #16
 102              		.cfi_def_cfa_offset 24
 103 0004 00AF     		add	r7, sp, #0
 104              		.cfi_def_cfa_register 7
 105 0006 F860     		str	r0, [r7, #12]
 106 0008 B960     		str	r1, [r7, #8]
 107 000a 7A60     		str	r2, [r7, #4]
  76:.\Generated_Source\PSoC4/cyfitter_cfg.c **** 	(void)memcpy(dest, src, n);
 108              		.loc 1 76 0
 109 000c F968     		ldr	r1, [r7, #12]
 110 000e BA68     		ldr	r2, [r7, #8]
 111 0010 7B68     		ldr	r3, [r7, #4]
 112 0012 081C     		mov	r0, r1
 113 0014 111C     		mov	r1, r2
 114 0016 1A1C     		mov	r2, r3
 115 0018 FFF7FEFF 		bl	memcpy
  77:.\Generated_Source\PSoC4/cyfitter_cfg.c **** }
 116              		.loc 1 77 0
 117 001c BD46     		mov	sp, r7
 118 001e 04B0     		add	sp, sp, #16
 119              		@ sp needed
 120 0020 80BD     		pop	{r7, pc}
 121              		.cfi_endproc
 122              	.LFE4:
 123              		.size	CYCONFIGCPYCODE, .-CYCONFIGCPYCODE
 124 0022 C046     		.section	.psocinit,"ax",%progbits
 125              		.align	2
 126              		.code	16
 127              		.thumb_func
 128              		.type	ClockSetup, %function
 129              	ClockSetup:
 130              	.LFB5:
  78:.\Generated_Source\PSoC4/cyfitter_cfg.c **** 
  79:.\Generated_Source\PSoC4/cyfitter_cfg.c **** 
  80:.\Generated_Source\PSoC4/cyfitter_cfg.c **** 
  81:.\Generated_Source\PSoC4/cyfitter_cfg.c **** /* Clock startup error codes                                                   */
  82:.\Generated_Source\PSoC4/cyfitter_cfg.c **** #define CYCLOCKSTART_NO_ERROR    0u
  83:.\Generated_Source\PSoC4/cyfitter_cfg.c **** #define CYCLOCKSTART_XTAL_ERROR  1u
  84:.\Generated_Source\PSoC4/cyfitter_cfg.c **** #define CYCLOCKSTART_32KHZ_ERROR 2u
  85:.\Generated_Source\PSoC4/cyfitter_cfg.c **** #define CYCLOCKSTART_PLL_ERROR   3u
  86:.\Generated_Source\PSoC4/cyfitter_cfg.c **** 
  87:.\Generated_Source\PSoC4/cyfitter_cfg.c **** #ifdef CY_NEED_CYCLOCKSTARTUPERROR
  88:.\Generated_Source\PSoC4/cyfitter_cfg.c **** /*******************************************************************************
  89:.\Generated_Source\PSoC4/cyfitter_cfg.c **** * Function Name: CyClockStartupError
  90:.\Generated_Source\PSoC4/cyfitter_cfg.c **** ********************************************************************************
  91:.\Generated_Source\PSoC4/cyfitter_cfg.c **** * Summary:
  92:.\Generated_Source\PSoC4/cyfitter_cfg.c **** *  If an error is encountered during clock configuration (crystal startup error,
  93:.\Generated_Source\PSoC4/cyfitter_cfg.c **** *  PLL lock error, etc.), the system will end up here.  Unless reimplemented by
  94:.\Generated_Source\PSoC4/cyfitter_cfg.c **** *  the customer, this function will stop in an infinite loop.
  95:.\Generated_Source\PSoC4/cyfitter_cfg.c **** *
  96:.\Generated_Source\PSoC4/cyfitter_cfg.c **** * Parameters:
  97:.\Generated_Source\PSoC4/cyfitter_cfg.c **** *   void
  98:.\Generated_Source\PSoC4/cyfitter_cfg.c **** *
ARM GAS  C:\Users\ADMINI~1\AppData\Local\Temp\cc7xBOqu.s 			page 5


  99:.\Generated_Source\PSoC4/cyfitter_cfg.c **** * Return:
 100:.\Generated_Source\PSoC4/cyfitter_cfg.c **** *   void
 101:.\Generated_Source\PSoC4/cyfitter_cfg.c **** *
 102:.\Generated_Source\PSoC4/cyfitter_cfg.c **** *******************************************************************************/
 103:.\Generated_Source\PSoC4/cyfitter_cfg.c **** CY_CFG_UNUSED
 104:.\Generated_Source\PSoC4/cyfitter_cfg.c **** static void CyClockStartupError(uint8 errorCode);
 105:.\Generated_Source\PSoC4/cyfitter_cfg.c **** CY_CFG_UNUSED
 106:.\Generated_Source\PSoC4/cyfitter_cfg.c **** static void CyClockStartupError(uint8 errorCode)
 107:.\Generated_Source\PSoC4/cyfitter_cfg.c **** {
 108:.\Generated_Source\PSoC4/cyfitter_cfg.c ****     /* To remove the compiler warning if errorCode not used.                */
 109:.\Generated_Source\PSoC4/cyfitter_cfg.c ****     errorCode = errorCode;
 110:.\Generated_Source\PSoC4/cyfitter_cfg.c **** 
 111:.\Generated_Source\PSoC4/cyfitter_cfg.c ****     /* `#START CyClockStartupError` */
 112:.\Generated_Source\PSoC4/cyfitter_cfg.c **** 
 113:.\Generated_Source\PSoC4/cyfitter_cfg.c ****     /* If we have a clock startup error (bad MHz crystal, PLL lock, etc.),  */
 114:.\Generated_Source\PSoC4/cyfitter_cfg.c ****     /* we will end up here to allow the customer to implement something to  */
 115:.\Generated_Source\PSoC4/cyfitter_cfg.c ****     /* deal with the clock condition.                                       */
 116:.\Generated_Source\PSoC4/cyfitter_cfg.c **** 
 117:.\Generated_Source\PSoC4/cyfitter_cfg.c ****     /* `#END` */
 118:.\Generated_Source\PSoC4/cyfitter_cfg.c **** 
 119:.\Generated_Source\PSoC4/cyfitter_cfg.c ****     /* If nothing else, stop here since the clocks have not started         */
 120:.\Generated_Source\PSoC4/cyfitter_cfg.c ****     /* correctly.                                                           */
 121:.\Generated_Source\PSoC4/cyfitter_cfg.c ****     while(1) {}
 122:.\Generated_Source\PSoC4/cyfitter_cfg.c **** }
 123:.\Generated_Source\PSoC4/cyfitter_cfg.c **** #endif
 124:.\Generated_Source\PSoC4/cyfitter_cfg.c **** 
 125:.\Generated_Source\PSoC4/cyfitter_cfg.c **** 
 126:.\Generated_Source\PSoC4/cyfitter_cfg.c **** 
 127:.\Generated_Source\PSoC4/cyfitter_cfg.c **** /*******************************************************************************
 128:.\Generated_Source\PSoC4/cyfitter_cfg.c **** * Function Name: ClockSetup
 129:.\Generated_Source\PSoC4/cyfitter_cfg.c **** ********************************************************************************
 130:.\Generated_Source\PSoC4/cyfitter_cfg.c **** *
 131:.\Generated_Source\PSoC4/cyfitter_cfg.c **** * Summary:
 132:.\Generated_Source\PSoC4/cyfitter_cfg.c **** *   Performs the initialization of all of the clocks in the device based on the
 133:.\Generated_Source\PSoC4/cyfitter_cfg.c **** *   settings in the Clock tab of the DWR.  This includes enabling the requested
 134:.\Generated_Source\PSoC4/cyfitter_cfg.c **** *   clocks and setting the necessary dividers to produce the desired frequency. 
 135:.\Generated_Source\PSoC4/cyfitter_cfg.c **** *
 136:.\Generated_Source\PSoC4/cyfitter_cfg.c **** * Parameters:
 137:.\Generated_Source\PSoC4/cyfitter_cfg.c **** *   void
 138:.\Generated_Source\PSoC4/cyfitter_cfg.c **** *
 139:.\Generated_Source\PSoC4/cyfitter_cfg.c **** * Return:
 140:.\Generated_Source\PSoC4/cyfitter_cfg.c **** *   void
 141:.\Generated_Source\PSoC4/cyfitter_cfg.c **** *
 142:.\Generated_Source\PSoC4/cyfitter_cfg.c **** *******************************************************************************/
 143:.\Generated_Source\PSoC4/cyfitter_cfg.c **** static void ClockSetup(void);
 144:.\Generated_Source\PSoC4/cyfitter_cfg.c **** CY_CFG_SECTION
 145:.\Generated_Source\PSoC4/cyfitter_cfg.c **** static void ClockSetup(void)
 146:.\Generated_Source\PSoC4/cyfitter_cfg.c **** {
 131              		.loc 1 146 0
 132              		.cfi_startproc
 133 0000 80B5     		push	{r7, lr}
 134              		.cfi_def_cfa_offset 8
 135              		.cfi_offset 7, -8
 136              		.cfi_offset 14, -4
 137 0002 00AF     		add	r7, sp, #0
 138              		.cfi_def_cfa_register 7
 147:.\Generated_Source\PSoC4/cyfitter_cfg.c **** 
ARM GAS  C:\Users\ADMINI~1\AppData\Local\Temp\cc7xBOqu.s 			page 6


 148:.\Generated_Source\PSoC4/cyfitter_cfg.c **** 	/* Set Flash Cycles based on max possible frequency in case a glitch occurs during ClockSetup(). *
 149:.\Generated_Source\PSoC4/cyfitter_cfg.c **** 	CY_SET_REG32((void CYXDATA *)(CYREG_CPUSS_FLASH_CTL), (0x0012u));
 139              		.loc 1 149 0
 140 0004 1F4B     		ldr	r3, .L5
 141 0006 1222     		mov	r2, #18
 142 0008 1A60     		str	r2, [r3]
 150:.\Generated_Source\PSoC4/cyfitter_cfg.c **** 
 151:.\Generated_Source\PSoC4/cyfitter_cfg.c **** 	/* Start the WCO */
 152:.\Generated_Source\PSoC4/cyfitter_cfg.c **** 	CySysClkWcoStart();
 143              		.loc 1 152 0
 144 000a FFF7FEFF 		bl	CySysClkWcoStart
 153:.\Generated_Source\PSoC4/cyfitter_cfg.c **** 	(void)CySysClkWcoSetPowerMode(CY_SYS_CLK_WCO_LPM);    /* Switch to the low power mode */
 145              		.loc 1 153 0
 146 000e 0120     		mov	r0, #1
 147 0010 FFF7FEFF 		bl	CySysClkWcoSetPowerMode
 154:.\Generated_Source\PSoC4/cyfitter_cfg.c **** 
 155:.\Generated_Source\PSoC4/cyfitter_cfg.c **** 	/* Setup and trim IMO based on desired frequency. */
 156:.\Generated_Source\PSoC4/cyfitter_cfg.c **** 	CySysClkWriteImoFreq(24u);
 148              		.loc 1 156 0
 149 0014 1820     		mov	r0, #24
 150 0016 FFF7FEFF 		bl	CySysClkWriteImoFreq
 157:.\Generated_Source\PSoC4/cyfitter_cfg.c **** 	/* CYDEV_CLK_ILO_CONFIG Starting address: CYDEV_CLK_ILO_CONFIG */
 158:.\Generated_Source\PSoC4/cyfitter_cfg.c **** 	CY_SET_XTND_REG32((void CYFAR *)(CYREG_CLK_ILO_CONFIG), 0x80000006u);
 151              		.loc 1 158 0
 152 001a 1B4B     		ldr	r3, .L5+4
 153 001c 1B4A     		ldr	r2, .L5+8
 154 001e 1A60     		str	r2, [r3]
 159:.\Generated_Source\PSoC4/cyfitter_cfg.c **** 
 160:.\Generated_Source\PSoC4/cyfitter_cfg.c **** 
 161:.\Generated_Source\PSoC4/cyfitter_cfg.c **** 	/* Enable fast start mode for XO */
 162:.\Generated_Source\PSoC4/cyfitter_cfg.c **** 	CY_SET_REG32((void*)CYREG_BLE_BLERD_BB_XO, CY_GET_REG32((void*)CYREG_BLE_BLERD_BB_XO) | (uint32)0x
 155              		.loc 1 162 0
 156 0020 1B4B     		ldr	r3, .L5+12
 157 0022 1B4A     		ldr	r2, .L5+12
 158 0024 1268     		ldr	r2, [r2]
 159 0026 0221     		mov	r1, #2
 160 0028 0A43     		orr	r2, r1
 161 002a 1A60     		str	r2, [r3]
 163:.\Generated_Source\PSoC4/cyfitter_cfg.c **** 	CY_SET_XTND_REG32((void CYFAR *)(CYREG_BLE_BLERD_BB_XO_CAPTRIM), 0x00003E2Du);
 162              		.loc 1 163 0
 163 002c 194B     		ldr	r3, .L5+16
 164 002e 1A4A     		ldr	r2, .L5+20
 165 0030 1A60     		str	r2, [r3]
 164:.\Generated_Source\PSoC4/cyfitter_cfg.c **** 	/* Disable Crystal Stable Interrupt before enabling ECO */
 165:.\Generated_Source\PSoC4/cyfitter_cfg.c **** 	CY_SET_REG32((void*)CYREG_BLE_BLESS_LL_DSM_CTRL, CY_GET_REG32((void*)CYREG_BLE_BLESS_LL_DSM_CTRL) 
 166              		.loc 1 165 0
 167 0032 1A4B     		ldr	r3, .L5+24
 168 0034 194A     		ldr	r2, .L5+24
 169 0036 1268     		ldr	r2, [r2]
 170 0038 0821     		mov	r1, #8
 171 003a 8A43     		bic	r2, r1
 172 003c 1A60     		str	r2, [r3]
 166:.\Generated_Source\PSoC4/cyfitter_cfg.c **** 	/* Start the ECO and do not check status since it is not needed for HFCLK */
 167:.\Generated_Source\PSoC4/cyfitter_cfg.c **** 	(void)CySysClkEcoStart(2000u);
 173              		.loc 1 167 0
 174 003e FA23     		mov	r3, #250
 175 0040 DB00     		lsl	r3, r3, #3
ARM GAS  C:\Users\ADMINI~1\AppData\Local\Temp\cc7xBOqu.s 			page 7


 176 0042 181C     		mov	r0, r3
 177 0044 FFF7FEFF 		bl	CySysClkEcoStart
 168:.\Generated_Source\PSoC4/cyfitter_cfg.c **** 	CyDelayUs(1500u); /* Wait to stabalize */
 178              		.loc 1 168 0
 179 0048 154B     		ldr	r3, .L5+28
 180 004a 181C     		mov	r0, r3
 181 004c FFF7FEFF 		bl	CyDelayUs
 169:.\Generated_Source\PSoC4/cyfitter_cfg.c **** 
 170:.\Generated_Source\PSoC4/cyfitter_cfg.c **** 	/* Setup phase aligned clocks */
 171:.\Generated_Source\PSoC4/cyfitter_cfg.c **** 	CY_SET_REG32((void *)CYREG_PERI_DIV_16_CTL0, 0x00000C00u);
 182              		.loc 1 171 0
 183 0050 144B     		ldr	r3, .L5+32
 184 0052 C022     		mov	r2, #192
 185 0054 1201     		lsl	r2, r2, #4
 186 0056 1A60     		str	r2, [r3]
 172:.\Generated_Source\PSoC4/cyfitter_cfg.c **** 	CY_SET_REG32((void *)CYREG_PERI_DIV_CMD, 0x8000FF40u);
 187              		.loc 1 172 0
 188 0058 134B     		ldr	r3, .L5+36
 189 005a 144A     		ldr	r2, .L5+40
 190 005c 1A60     		str	r2, [r3]
 173:.\Generated_Source\PSoC4/cyfitter_cfg.c **** 
 174:.\Generated_Source\PSoC4/cyfitter_cfg.c **** 	/* CYDEV_CLK_IMO_CONFIG Starting address: CYDEV_CLK_IMO_CONFIG */
 175:.\Generated_Source\PSoC4/cyfitter_cfg.c **** 	CY_SET_XTND_REG32((void CYFAR *)(CYREG_CLK_IMO_CONFIG), 0x80000000u);
 191              		.loc 1 175 0
 192 005e 144B     		ldr	r3, .L5+44
 193 0060 8022     		mov	r2, #128
 194 0062 1206     		lsl	r2, r2, #24
 195 0064 1A60     		str	r2, [r3]
 176:.\Generated_Source\PSoC4/cyfitter_cfg.c **** 
 177:.\Generated_Source\PSoC4/cyfitter_cfg.c **** 	/* CYDEV_CLK_SELECT Starting address: CYDEV_CLK_SELECT */
 178:.\Generated_Source\PSoC4/cyfitter_cfg.c **** 	CY_SET_XTND_REG32((void CYFAR *)(CYREG_CLK_SELECT), 0x00000000u);
 196              		.loc 1 178 0
 197 0066 134B     		ldr	r3, .L5+48
 198 0068 0022     		mov	r2, #0
 199 006a 1A60     		str	r2, [r3]
 179:.\Generated_Source\PSoC4/cyfitter_cfg.c **** 
 180:.\Generated_Source\PSoC4/cyfitter_cfg.c **** 	/* CYDEV_PERI_PCLK_CTL1 Starting address: CYDEV_PERI_PCLK_CTL1 */
 181:.\Generated_Source\PSoC4/cyfitter_cfg.c **** 	CY_SET_XTND_REG32((void CYFAR *)(CYREG_PERI_PCLK_CTL1), 0x00000040u);
 200              		.loc 1 181 0
 201 006c 124B     		ldr	r3, .L5+52
 202 006e 4022     		mov	r2, #64
 203 0070 1A60     		str	r2, [r3]
 182:.\Generated_Source\PSoC4/cyfitter_cfg.c **** 
 183:.\Generated_Source\PSoC4/cyfitter_cfg.c **** 	CY_SET_XTND_REG32((void CYFAR *)(CYREG_WDT_CONFIG), 0x00000000u);
 204              		.loc 1 183 0
 205 0072 124B     		ldr	r3, .L5+56
 206 0074 0022     		mov	r2, #0
 207 0076 1A60     		str	r2, [r3]
 184:.\Generated_Source\PSoC4/cyfitter_cfg.c **** 	/* Set Flash Cycles based on newly configured 24.00MHz HFCLK. */
 185:.\Generated_Source\PSoC4/cyfitter_cfg.c **** 	CY_SET_REG32((void CYXDATA *)(CYREG_CPUSS_FLASH_CTL), (0x0011u));
 208              		.loc 1 185 0
 209 0078 024B     		ldr	r3, .L5
 210 007a 1122     		mov	r2, #17
 211 007c 1A60     		str	r2, [r3]
 186:.\Generated_Source\PSoC4/cyfitter_cfg.c **** }
 212              		.loc 1 186 0
 213 007e BD46     		mov	sp, r7
ARM GAS  C:\Users\ADMINI~1\AppData\Local\Temp\cc7xBOqu.s 			page 8


 214              		@ sp needed
 215 0080 80BD     		pop	{r7, pc}
 216              	.L6:
 217 0082 C046     		.align	2
 218              	.L5:
 219 0084 30001040 		.word	1074790448
 220 0088 04010B40 		.word	1074462980
 221 008c 06000080 		.word	-2147483642
 222 0090 78002E40 		.word	1076756600
 223 0094 7C002E40 		.word	1076756604
 224 0098 2D3E0000 		.word	15917
 225 009c 6CF02E40 		.word	1076818028
 226 00a0 DC050000 		.word	1500
 227 00a4 00030140 		.word	1073808128
 228 00a8 00000140 		.word	1073807360
 229 00ac 40FF0080 		.word	-2147418304
 230 00b0 08010B40 		.word	1074462984
 231 00b4 00010B40 		.word	1074462976
 232 00b8 04010140 		.word	1073807620
 233 00bc 0C020B40 		.word	1074463244
 234              		.cfi_endproc
 235              	.LFE5:
 236              		.size	ClockSetup, .-ClockSetup
 237              		.section	.text.AnalogSetDefault,"ax",%progbits
 238              		.align	2
 239              		.code	16
 240              		.thumb_func
 241              		.type	AnalogSetDefault, %function
 242              	AnalogSetDefault:
 243              	.LFB6:
 187:.\Generated_Source\PSoC4/cyfitter_cfg.c **** 
 188:.\Generated_Source\PSoC4/cyfitter_cfg.c **** 
 189:.\Generated_Source\PSoC4/cyfitter_cfg.c **** /* Analog API Functions */
 190:.\Generated_Source\PSoC4/cyfitter_cfg.c **** 
 191:.\Generated_Source\PSoC4/cyfitter_cfg.c **** 
 192:.\Generated_Source\PSoC4/cyfitter_cfg.c **** /*******************************************************************************
 193:.\Generated_Source\PSoC4/cyfitter_cfg.c **** * Function Name: AnalogSetDefault
 194:.\Generated_Source\PSoC4/cyfitter_cfg.c **** ********************************************************************************
 195:.\Generated_Source\PSoC4/cyfitter_cfg.c **** *
 196:.\Generated_Source\PSoC4/cyfitter_cfg.c **** * Summary:
 197:.\Generated_Source\PSoC4/cyfitter_cfg.c **** *  Sets up the analog portions of the chip to default values based on chip
 198:.\Generated_Source\PSoC4/cyfitter_cfg.c **** *  configuration options from the project.
 199:.\Generated_Source\PSoC4/cyfitter_cfg.c **** *
 200:.\Generated_Source\PSoC4/cyfitter_cfg.c **** * Parameters:
 201:.\Generated_Source\PSoC4/cyfitter_cfg.c **** *  void
 202:.\Generated_Source\PSoC4/cyfitter_cfg.c **** *
 203:.\Generated_Source\PSoC4/cyfitter_cfg.c **** * Return:
 204:.\Generated_Source\PSoC4/cyfitter_cfg.c **** *  void
 205:.\Generated_Source\PSoC4/cyfitter_cfg.c **** *
 206:.\Generated_Source\PSoC4/cyfitter_cfg.c **** *******************************************************************************/
 207:.\Generated_Source\PSoC4/cyfitter_cfg.c **** static void AnalogSetDefault(void);
 208:.\Generated_Source\PSoC4/cyfitter_cfg.c **** static void AnalogSetDefault(void)
 209:.\Generated_Source\PSoC4/cyfitter_cfg.c **** {
 244              		.loc 1 209 0
 245              		.cfi_startproc
 246 0000 80B5     		push	{r7, lr}
 247              		.cfi_def_cfa_offset 8
ARM GAS  C:\Users\ADMINI~1\AppData\Local\Temp\cc7xBOqu.s 			page 9


 248              		.cfi_offset 7, -8
 249              		.cfi_offset 14, -4
 250 0002 00AF     		add	r7, sp, #0
 251              		.cfi_def_cfa_register 7
 210:.\Generated_Source\PSoC4/cyfitter_cfg.c **** 	CY_SET_XTND_REG32((void CYFAR *)CYREG_CTBM0_DFT_CTRL, 0x00000003u);
 252              		.loc 1 210 0
 253 0004 054B     		ldr	r3, .L8
 254 0006 0322     		mov	r2, #3
 255 0008 1A60     		str	r2, [r3]
 211:.\Generated_Source\PSoC4/cyfitter_cfg.c **** 	CY_SET_XTND_REG32((void CYFAR *)CYREG_CTBM1_DFT_CTRL, 0x00000003u);
 256              		.loc 1 211 0
 257 000a 054B     		ldr	r3, .L8+4
 258 000c 0322     		mov	r2, #3
 259 000e 1A60     		str	r2, [r3]
 212:.\Generated_Source\PSoC4/cyfitter_cfg.c **** 	CY_SET_XTND_REG32((void CYFAR *)CYREG_PASS_DSAB_DSAB_CTRL, 0x00000000u);
 260              		.loc 1 212 0
 261 0010 044B     		ldr	r3, .L8+8
 262 0012 0022     		mov	r2, #0
 263 0014 1A60     		str	r2, [r3]
 213:.\Generated_Source\PSoC4/cyfitter_cfg.c **** }
 264              		.loc 1 213 0
 265 0016 BD46     		mov	sp, r7
 266              		@ sp needed
 267 0018 80BD     		pop	{r7, pc}
 268              	.L9:
 269 001a C046     		.align	2
 270              	.L8:
 271 001c 30003040 		.word	1076887600
 272 0020 30003140 		.word	1076953136
 273 0024 000E3F40 		.word	1077874176
 274              		.cfi_endproc
 275              	.LFE6:
 276              		.size	AnalogSetDefault, .-AnalogSetDefault
 277              		.section	.psocinit
 278              		.align	2
 279              		.global	cyfitter_cfg
 280              		.code	16
 281              		.thumb_func
 282              		.type	cyfitter_cfg, %function
 283              	cyfitter_cfg:
 284              	.LFB7:
 214:.\Generated_Source\PSoC4/cyfitter_cfg.c **** 
 215:.\Generated_Source\PSoC4/cyfitter_cfg.c **** #define CY_AMUX_UNUSED CYREG_CM0_ROM_DWT
 216:.\Generated_Source\PSoC4/cyfitter_cfg.c **** 
 217:.\Generated_Source\PSoC4/cyfitter_cfg.c **** 
 218:.\Generated_Source\PSoC4/cyfitter_cfg.c **** /*******************************************************************************
 219:.\Generated_Source\PSoC4/cyfitter_cfg.c **** * Function Name: cyfitter_cfg
 220:.\Generated_Source\PSoC4/cyfitter_cfg.c **** ********************************************************************************
 221:.\Generated_Source\PSoC4/cyfitter_cfg.c **** * Summary:
 222:.\Generated_Source\PSoC4/cyfitter_cfg.c **** *  This function is called by the start-up code for the selected device. It
 223:.\Generated_Source\PSoC4/cyfitter_cfg.c **** *  performs all of the necessary device configuration based on the design
 224:.\Generated_Source\PSoC4/cyfitter_cfg.c **** *  settings.  This includes settings from the Design Wide Resources (DWR) such
 225:.\Generated_Source\PSoC4/cyfitter_cfg.c **** *  as Clocks and Pins as well as any component configuration that is necessary.
 226:.\Generated_Source\PSoC4/cyfitter_cfg.c **** *
 227:.\Generated_Source\PSoC4/cyfitter_cfg.c **** * Parameters:  
 228:.\Generated_Source\PSoC4/cyfitter_cfg.c **** *   void
 229:.\Generated_Source\PSoC4/cyfitter_cfg.c **** *
ARM GAS  C:\Users\ADMINI~1\AppData\Local\Temp\cc7xBOqu.s 			page 10


 230:.\Generated_Source\PSoC4/cyfitter_cfg.c **** * Return:
 231:.\Generated_Source\PSoC4/cyfitter_cfg.c **** *   void
 232:.\Generated_Source\PSoC4/cyfitter_cfg.c **** *
 233:.\Generated_Source\PSoC4/cyfitter_cfg.c **** *******************************************************************************/
 234:.\Generated_Source\PSoC4/cyfitter_cfg.c **** CY_CFG_SECTION
 235:.\Generated_Source\PSoC4/cyfitter_cfg.c **** void cyfitter_cfg(void)
 236:.\Generated_Source\PSoC4/cyfitter_cfg.c **** {
 285              		.loc 1 236 0
 286              		.cfi_startproc
 287 00c0 80B5     		push	{r7, lr}
 288              		.cfi_def_cfa_offset 8
 289              		.cfi_offset 7, -8
 290              		.cfi_offset 14, -4
 291 00c2 82B0     		sub	sp, sp, #8
 292              		.cfi_def_cfa_offset 16
 293 00c4 00AF     		add	r7, sp, #0
 294              		.cfi_def_cfa_register 7
 237:.\Generated_Source\PSoC4/cyfitter_cfg.c **** 	/* Disable interrupts by default. Let user enable if/when they want. */
 238:.\Generated_Source\PSoC4/cyfitter_cfg.c **** 	CyGlobalIntDisable;
 295              		.loc 1 238 0
 296              	@ 238 ".\Generated_Source\PSoC4\cyfitter_cfg.c" 1
 297 00c6 72B6     		CPSID   i
 298              	@ 0 "" 2
 239:.\Generated_Source\PSoC4/cyfitter_cfg.c **** 
 240:.\Generated_Source\PSoC4/cyfitter_cfg.c **** 	CY_SET_XTND_REG32((void CYFAR *)(CYREG_BLE_BLESS_LL_DSM_CTRL), 0x00000000u);
 299              		.loc 1 240 0
 300              		.code	16
 301 00c8 374B     		ldr	r3, .L13
 302 00ca 0022     		mov	r2, #0
 303 00cc 1A60     		str	r2, [r3]
 304              	.LBB2:
 241:.\Generated_Source\PSoC4/cyfitter_cfg.c **** 
 242:.\Generated_Source\PSoC4/cyfitter_cfg.c **** 	{
 243:.\Generated_Source\PSoC4/cyfitter_cfg.c **** 
 244:.\Generated_Source\PSoC4/cyfitter_cfg.c **** 		CYPACKED typedef struct {
 245:.\Generated_Source\PSoC4/cyfitter_cfg.c **** 			void CYFAR *address;
 246:.\Generated_Source\PSoC4/cyfitter_cfg.c **** 			uint16 size;
 247:.\Generated_Source\PSoC4/cyfitter_cfg.c **** 		} CYPACKED_ATTR cfg_memset_t;
 248:.\Generated_Source\PSoC4/cyfitter_cfg.c **** 
 249:.\Generated_Source\PSoC4/cyfitter_cfg.c **** 		static const cfg_memset_t CYCODE cfg_memset_list [] = {
 250:.\Generated_Source\PSoC4/cyfitter_cfg.c **** 			/* address, size */
 251:.\Generated_Source\PSoC4/cyfitter_cfg.c **** 			{(void CYFAR *)(CYDEV_UDB_P0_U0_BASE), 1024u},
 252:.\Generated_Source\PSoC4/cyfitter_cfg.c **** 			{(void CYFAR *)(CYDEV_UDB_DSI0_BASE), 1024u},
 253:.\Generated_Source\PSoC4/cyfitter_cfg.c **** 		};
 254:.\Generated_Source\PSoC4/cyfitter_cfg.c **** 
 255:.\Generated_Source\PSoC4/cyfitter_cfg.c **** 		uint8 CYDATA i;
 256:.\Generated_Source\PSoC4/cyfitter_cfg.c **** 
 257:.\Generated_Source\PSoC4/cyfitter_cfg.c **** 		/* Zero out critical memory blocks before beginning configuration */
 258:.\Generated_Source\PSoC4/cyfitter_cfg.c **** 		for (i = 0u; i < (sizeof(cfg_memset_list)/sizeof(cfg_memset_list[0])); i++)
 305              		.loc 1 258 0
 306 00ce FB1D     		add	r3, r7, #7
 307 00d0 0022     		mov	r2, #0
 308 00d2 1A70     		strb	r2, [r3]
 309 00d4 23E0     		b	.L11
 310              	.L12:
 311              	.LBB3:
 259:.\Generated_Source\PSoC4/cyfitter_cfg.c **** 		{
ARM GAS  C:\Users\ADMINI~1\AppData\Local\Temp\cc7xBOqu.s 			page 11


 260:.\Generated_Source\PSoC4/cyfitter_cfg.c **** 			const cfg_memset_t CYCODE * CYDATA ms = &cfg_memset_list[i];
 312              		.loc 1 260 0 discriminator 3
 313 00d6 FB1D     		add	r3, r7, #7
 314 00d8 1A78     		ldrb	r2, [r3]
 315 00da 131C     		mov	r3, r2
 316 00dc 5B00     		lsl	r3, r3, #1
 317 00de 9B18     		add	r3, r3, r2
 318 00e0 5B00     		lsl	r3, r3, #1
 319 00e2 324A     		ldr	r2, .L13+4
 320 00e4 9B18     		add	r3, r3, r2
 321 00e6 3B60     		str	r3, [r7]
 261:.\Generated_Source\PSoC4/cyfitter_cfg.c **** 			CYMEMZERO(ms->address, (size_t)(uint32)(ms->size));
 322              		.loc 1 261 0 discriminator 3
 323 00e8 3B68     		ldr	r3, [r7]
 324 00ea 1A78     		ldrb	r2, [r3]
 325 00ec 5978     		ldrb	r1, [r3, #1]
 326 00ee 0902     		lsl	r1, r1, #8
 327 00f0 0A43     		orr	r2, r1
 328 00f2 9978     		ldrb	r1, [r3, #2]
 329 00f4 0904     		lsl	r1, r1, #16
 330 00f6 0A43     		orr	r2, r1
 331 00f8 DB78     		ldrb	r3, [r3, #3]
 332 00fa 1B06     		lsl	r3, r3, #24
 333 00fc 1343     		orr	r3, r2
 334 00fe 191C     		mov	r1, r3
 335 0100 3B68     		ldr	r3, [r7]
 336 0102 1A79     		ldrb	r2, [r3, #4]
 337 0104 5B79     		ldrb	r3, [r3, #5]
 338 0106 1B02     		lsl	r3, r3, #8
 339 0108 1343     		orr	r3, r2
 340 010a 9BB2     		uxth	r3, r3
 341 010c 081C     		mov	r0, r1
 342 010e 191C     		mov	r1, r3
 343 0110 FFF7FEFF 		bl	CYMEMZERO
 344              	.LBE3:
 258:.\Generated_Source\PSoC4/cyfitter_cfg.c **** 		{
 345              		.loc 1 258 0 discriminator 3
 346 0114 FB1D     		add	r3, r7, #7
 347 0116 1A78     		ldrb	r2, [r3]
 348 0118 FB1D     		add	r3, r7, #7
 349 011a 0132     		add	r2, r2, #1
 350 011c 1A70     		strb	r2, [r3]
 351              	.L11:
 258:.\Generated_Source\PSoC4/cyfitter_cfg.c **** 		{
 352              		.loc 1 258 0 is_stmt 0 discriminator 1
 353 011e FB1D     		add	r3, r7, #7
 354 0120 1B78     		ldrb	r3, [r3]
 355 0122 012B     		cmp	r3, #1
 356 0124 D7D9     		bls	.L12
 262:.\Generated_Source\PSoC4/cyfitter_cfg.c **** 		}
 263:.\Generated_Source\PSoC4/cyfitter_cfg.c **** 
 264:.\Generated_Source\PSoC4/cyfitter_cfg.c **** 		/* HSIOM Starting address: CYDEV_HSIOM_BASE */
 265:.\Generated_Source\PSoC4/cyfitter_cfg.c **** 		CY_SET_XTND_REG32((void CYFAR *)(CYDEV_HSIOM_BASE), 0xEE000000u);
 357              		.loc 1 265 0 is_stmt 1
 358 0126 224B     		ldr	r3, .L13+8
 359 0128 EE22     		mov	r2, #238
 360 012a 1206     		lsl	r2, r2, #24
ARM GAS  C:\Users\ADMINI~1\AppData\Local\Temp\cc7xBOqu.s 			page 12


 361 012c 1A60     		str	r2, [r3]
 266:.\Generated_Source\PSoC4/cyfitter_cfg.c **** 		CY_SET_XTND_REG32((void CYFAR *)(CYREG_HSIOM_PORT_SEL1), 0x00990000u);
 362              		.loc 1 266 0
 363 012e 214B     		ldr	r3, .L13+12
 364 0130 9922     		mov	r2, #153
 365 0132 1204     		lsl	r2, r2, #16
 366 0134 1A60     		str	r2, [r3]
 267:.\Generated_Source\PSoC4/cyfitter_cfg.c **** 
 268:.\Generated_Source\PSoC4/cyfitter_cfg.c **** 		/* UDB_PA_0 Starting address: CYDEV_UDB_PA0_BASE */
 269:.\Generated_Source\PSoC4/cyfitter_cfg.c **** 		CY_SET_XTND_REG32((void CYFAR *)(CYDEV_UDB_PA0_BASE), 0x00990000u);
 367              		.loc 1 269 0
 368 0136 204B     		ldr	r3, .L13+16
 369 0138 9922     		mov	r2, #153
 370 013a 1204     		lsl	r2, r2, #16
 371 013c 1A60     		str	r2, [r3]
 270:.\Generated_Source\PSoC4/cyfitter_cfg.c **** 
 271:.\Generated_Source\PSoC4/cyfitter_cfg.c **** 		/* UDB_PA_1 Starting address: CYDEV_UDB_PA1_BASE */
 272:.\Generated_Source\PSoC4/cyfitter_cfg.c **** 		CY_SET_XTND_REG32((void CYFAR *)(CYDEV_UDB_PA1_BASE), 0x00990000u);
 372              		.loc 1 272 0
 373 013e 1F4B     		ldr	r3, .L13+20
 374 0140 9922     		mov	r2, #153
 375 0142 1204     		lsl	r2, r2, #16
 376 0144 1A60     		str	r2, [r3]
 273:.\Generated_Source\PSoC4/cyfitter_cfg.c **** 
 274:.\Generated_Source\PSoC4/cyfitter_cfg.c **** 		/* Enable digital routing */
 275:.\Generated_Source\PSoC4/cyfitter_cfg.c **** 		CY_SET_XTND_REG8((void *)CYREG_UDB_UDBIF_BANK_CTL, CY_GET_XTND_REG8((void *)CYREG_UDB_UDBIF_BANK_
 377              		.loc 1 275 0
 378 0146 1E4A     		ldr	r2, .L13+24
 379 0148 1D4B     		ldr	r3, .L13+24
 380 014a 1B78     		ldrb	r3, [r3]
 381 014c DBB2     		uxtb	r3, r3
 382 014e 0221     		mov	r1, #2
 383 0150 0B43     		orr	r3, r1
 384 0152 DBB2     		uxtb	r3, r3
 385 0154 1370     		strb	r3, [r2]
 276:.\Generated_Source\PSoC4/cyfitter_cfg.c **** 
 277:.\Generated_Source\PSoC4/cyfitter_cfg.c **** 		/* Enable UDB array */
 278:.\Generated_Source\PSoC4/cyfitter_cfg.c **** 		CY_SET_XTND_REG8((void *)CYREG_UDB_UDBIF_WAIT_CFG, (uint8)((CY_GET_XTND_REG8((void *)CYREG_UDB_UD
 386              		.loc 1 278 0
 387 0156 1B4A     		ldr	r2, .L13+28
 388 0158 1A4B     		ldr	r3, .L13+28
 389 015a 1B78     		ldrb	r3, [r3]
 390 015c DBB2     		uxtb	r3, r3
 391 015e 3C21     		mov	r1, #60
 392 0160 8B43     		bic	r3, r1
 393 0162 DBB2     		uxtb	r3, r3
 394 0164 1421     		mov	r1, #20
 395 0166 0B43     		orr	r3, r1
 396 0168 DBB2     		uxtb	r3, r3
 397 016a 1370     		strb	r3, [r2]
 279:.\Generated_Source\PSoC4/cyfitter_cfg.c **** 		CY_SET_XTND_REG8((void *)CYREG_UDB_UDBIF_BANK_CTL, (uint8)(CY_GET_XTND_REG8((void *)CYREG_UDB_UDB
 398              		.loc 1 279 0
 399 016c 144A     		ldr	r2, .L13+24
 400 016e 144B     		ldr	r3, .L13+24
 401 0170 1B78     		ldrb	r3, [r3]
 402 0172 DBB2     		uxtb	r3, r3
 403 0174 1621     		mov	r1, #22
ARM GAS  C:\Users\ADMINI~1\AppData\Local\Temp\cc7xBOqu.s 			page 13


 404 0176 0B43     		orr	r3, r1
 405 0178 DBB2     		uxtb	r3, r3
 406 017a 1370     		strb	r3, [r2]
 407              	.LBE2:
 280:.\Generated_Source\PSoC4/cyfitter_cfg.c **** 	}
 281:.\Generated_Source\PSoC4/cyfitter_cfg.c **** 
 282:.\Generated_Source\PSoC4/cyfitter_cfg.c **** 	/* Perform second pass device configuration. These items must be configured in specific order afte
 283:.\Generated_Source\PSoC4/cyfitter_cfg.c **** 	/* IOPINS0_0 Starting address: CYDEV_GPIO_PRT0_BASE */
 284:.\Generated_Source\PSoC4/cyfitter_cfg.c **** 	CY_SET_XTND_REG32((void CYFAR *)(CYREG_GPIO_PRT0_PC), 0x00D80000u);
 408              		.loc 1 284 0
 409 017c 124B     		ldr	r3, .L13+32
 410 017e D822     		mov	r2, #216
 411 0180 1204     		lsl	r2, r2, #16
 412 0182 1A60     		str	r2, [r3]
 285:.\Generated_Source\PSoC4/cyfitter_cfg.c **** 
 286:.\Generated_Source\PSoC4/cyfitter_cfg.c **** 	/* IOPINS0_1 Starting address: CYDEV_GPIO_PRT1_BASE */
 287:.\Generated_Source\PSoC4/cyfitter_cfg.c **** 	CY_SET_XTND_REG32((void CYFAR *)(CYDEV_GPIO_PRT1_BASE), 0x00000020u);
 413              		.loc 1 287 0
 414 0184 114B     		ldr	r3, .L13+36
 415 0186 2022     		mov	r2, #32
 416 0188 1A60     		str	r2, [r3]
 288:.\Generated_Source\PSoC4/cyfitter_cfg.c **** 	CY_SET_XTND_REG32((void CYFAR *)(CYREG_GPIO_PRT1_PC), 0x00031000u);
 417              		.loc 1 288 0
 418 018a 114B     		ldr	r3, .L13+40
 419 018c C422     		mov	r2, #196
 420 018e 9202     		lsl	r2, r2, #10
 421 0190 1A60     		str	r2, [r3]
 289:.\Generated_Source\PSoC4/cyfitter_cfg.c **** 	CY_SET_XTND_REG32((void CYFAR *)(CYREG_GPIO_PRT1_PC2), 0x00000020u);
 422              		.loc 1 289 0
 423 0192 104B     		ldr	r3, .L13+44
 424 0194 2022     		mov	r2, #32
 425 0196 1A60     		str	r2, [r3]
 290:.\Generated_Source\PSoC4/cyfitter_cfg.c **** 
 291:.\Generated_Source\PSoC4/cyfitter_cfg.c **** 
 292:.\Generated_Source\PSoC4/cyfitter_cfg.c **** 	/* Setup clocks based on selections from Clock DWR */
 293:.\Generated_Source\PSoC4/cyfitter_cfg.c **** 	ClockSetup();
 426              		.loc 1 293 0
 427 0198 FFF732FF 		bl	ClockSetup
 294:.\Generated_Source\PSoC4/cyfitter_cfg.c **** 
 295:.\Generated_Source\PSoC4/cyfitter_cfg.c **** 	/* Perform basic analog initialization to defaults */
 296:.\Generated_Source\PSoC4/cyfitter_cfg.c **** 	AnalogSetDefault();
 428              		.loc 1 296 0
 429 019c FFF7FEFF 		bl	AnalogSetDefault
 297:.\Generated_Source\PSoC4/cyfitter_cfg.c **** 
 298:.\Generated_Source\PSoC4/cyfitter_cfg.c **** }
 430              		.loc 1 298 0
 431 01a0 BD46     		mov	sp, r7
 432 01a2 02B0     		add	sp, sp, #8
 433              		@ sp needed
 434 01a4 80BD     		pop	{r7, pc}
 435              	.L14:
 436 01a6 C046     		.align	2
 437              	.L13:
 438 01a8 6CF02E40 		.word	1076818028
 439 01ac 00000000 		.word	cfg_memset_list.4742
 440 01b0 00000240 		.word	1073872896
 441 01b4 00010240 		.word	1073873152
ARM GAS  C:\Users\ADMINI~1\AppData\Local\Temp\cc7xBOqu.s 			page 14


 442 01b8 00500F40 		.word	1074745344
 443 01bc 10500F40 		.word	1074745360
 444 01c0 00700F40 		.word	1074753536
 445 01c4 01700F40 		.word	1074753537
 446 01c8 08000440 		.word	1074003976
 447 01cc 00010440 		.word	1074004224
 448 01d0 08010440 		.word	1074004232
 449 01d4 18010440 		.word	1074004248
 450              		.cfi_endproc
 451              	.LFE7:
 452              		.size	cyfitter_cfg, .-cyfitter_cfg
 453              		.section	.rodata
 454              		.align	2
 455              		.type	cfg_memset_list.4742, %object
 456              		.size	cfg_memset_list.4742, 12
 457              	cfg_memset_list.4742:
 458 0000 00300F40 		.word	1074737152
 459 0004 0004     		.short	1024
 460 0006 00400F40 		.4byte	1074741248
 461 000a 0004     		.short	1024
 462              		.text
 463              	.Letext0:
 464              		.file 2 "d:\\program files (x86)\\cypress\\psoc creator\\3.3\\psoc creator\\import\\gnu\\arm\\4.9.
 465              		.file 3 ".\\Generated_Source\\PSoC4\\cytypes.h"
 466              		.section	.debug_info,"",%progbits
 467              	.Ldebug_info0:
 468 0000 47020000 		.4byte	0x247
 469 0004 0400     		.2byte	0x4
 470 0006 00000000 		.4byte	.Ldebug_abbrev0
 471 000a 04       		.byte	0x4
 472 000b 01       		.uleb128 0x1
 473 000c A5000000 		.4byte	.LASF29
 474 0010 01       		.byte	0x1
 475 0011 E1010000 		.4byte	.LASF30
 476 0015 6D010000 		.4byte	.LASF31
 477 0019 00000000 		.4byte	.Ldebug_ranges0+0
 478 001d 00000000 		.4byte	0
 479 0021 00000000 		.4byte	.Ldebug_line0
 480 0025 02       		.uleb128 0x2
 481 0026 04       		.byte	0x4
 482 0027 05       		.byte	0x5
 483 0028 696E7400 		.ascii	"int\000"
 484 002c 03       		.uleb128 0x3
 485 002d 06000000 		.4byte	.LASF11
 486 0031 02       		.byte	0x2
 487 0032 D4       		.byte	0xd4
 488 0033 37000000 		.4byte	0x37
 489 0037 04       		.uleb128 0x4
 490 0038 04       		.byte	0x4
 491 0039 07       		.byte	0x7
 492 003a 41010000 		.4byte	.LASF0
 493 003e 04       		.uleb128 0x4
 494 003f 01       		.byte	0x1
 495 0040 06       		.byte	0x6
 496 0041 38020000 		.4byte	.LASF1
 497 0045 04       		.uleb128 0x4
 498 0046 01       		.byte	0x1
ARM GAS  C:\Users\ADMINI~1\AppData\Local\Temp\cc7xBOqu.s 			page 15


 499 0047 08       		.byte	0x8
 500 0048 83000000 		.4byte	.LASF2
 501 004c 04       		.uleb128 0x4
 502 004d 02       		.byte	0x2
 503 004e 05       		.byte	0x5
 504 004f 25020000 		.4byte	.LASF3
 505 0053 04       		.uleb128 0x4
 506 0054 02       		.byte	0x2
 507 0055 07       		.byte	0x7
 508 0056 39000000 		.4byte	.LASF4
 509 005a 04       		.uleb128 0x4
 510 005b 04       		.byte	0x4
 511 005c 05       		.byte	0x5
 512 005d 2F020000 		.4byte	.LASF5
 513 0061 04       		.uleb128 0x4
 514 0062 04       		.byte	0x4
 515 0063 07       		.byte	0x7
 516 0064 61000000 		.4byte	.LASF6
 517 0068 04       		.uleb128 0x4
 518 0069 08       		.byte	0x8
 519 006a 05       		.byte	0x5
 520 006b 12020000 		.4byte	.LASF7
 521 006f 04       		.uleb128 0x4
 522 0070 08       		.byte	0x8
 523 0071 07       		.byte	0x7
 524 0072 56010000 		.4byte	.LASF8
 525 0076 04       		.uleb128 0x4
 526 0077 04       		.byte	0x4
 527 0078 07       		.byte	0x7
 528 0079 09020000 		.4byte	.LASF9
 529 007d 05       		.uleb128 0x5
 530 007e 04       		.byte	0x4
 531 007f 04       		.uleb128 0x4
 532 0080 01       		.byte	0x1
 533 0081 08       		.byte	0x8
 534 0082 20020000 		.4byte	.LASF10
 535 0086 06       		.uleb128 0x6
 536 0087 73000000 		.4byte	.LASF12
 537 008b 03       		.byte	0x3
 538 008c 3801     		.2byte	0x138
 539 008e 45000000 		.4byte	0x45
 540 0092 06       		.uleb128 0x6
 541 0093 33010000 		.4byte	.LASF13
 542 0097 03       		.byte	0x3
 543 0098 3901     		.2byte	0x139
 544 009a 53000000 		.4byte	0x53
 545 009e 06       		.uleb128 0x6
 546 009f 3A010000 		.4byte	.LASF14
 547 00a3 03       		.byte	0x3
 548 00a4 3A01     		.2byte	0x13a
 549 00a6 61000000 		.4byte	0x61
 550 00aa 04       		.uleb128 0x4
 551 00ab 04       		.byte	0x4
 552 00ac 04       		.byte	0x4
 553 00ad 4C000000 		.4byte	.LASF15
 554 00b1 04       		.uleb128 0x4
 555 00b2 08       		.byte	0x8
ARM GAS  C:\Users\ADMINI~1\AppData\Local\Temp\cc7xBOqu.s 			page 16


 556 00b3 04       		.byte	0x4
 557 00b4 91000000 		.4byte	.LASF16
 558 00b8 06       		.uleb128 0x6
 559 00b9 5C000000 		.4byte	.LASF17
 560 00bd 03       		.byte	0x3
 561 00be E201     		.2byte	0x1e2
 562 00c0 C4000000 		.4byte	0xc4
 563 00c4 07       		.uleb128 0x7
 564 00c5 86000000 		.4byte	0x86
 565 00c9 06       		.uleb128 0x6
 566 00ca 00000000 		.4byte	.LASF18
 567 00ce 03       		.byte	0x3
 568 00cf E401     		.2byte	0x1e4
 569 00d1 D5000000 		.4byte	0xd5
 570 00d5 07       		.uleb128 0x7
 571 00d6 9E000000 		.4byte	0x9e
 572 00da 08       		.uleb128 0x8
 573 00db 79000000 		.4byte	.LASF19
 574 00df 01       		.byte	0x1
 575 00e0 3C       		.byte	0x3c
 576 00e1 00000000 		.4byte	.LFB2
 577 00e5 1E000000 		.4byte	.LFE2-.LFB2
 578 00e9 01       		.uleb128 0x1
 579 00ea 9C       		.byte	0x9c
 580 00eb 08010000 		.4byte	0x108
 581 00ef 09       		.uleb128 0x9
 582 00f0 7300     		.ascii	"s\000"
 583 00f2 01       		.byte	0x1
 584 00f3 3C       		.byte	0x3c
 585 00f4 7D000000 		.4byte	0x7d
 586 00f8 02       		.uleb128 0x2
 587 00f9 91       		.byte	0x91
 588 00fa 74       		.sleb128 -12
 589 00fb 09       		.uleb128 0x9
 590 00fc 6E00     		.ascii	"n\000"
 591 00fe 01       		.byte	0x1
 592 00ff 3C       		.byte	0x3c
 593 0100 2C000000 		.4byte	0x2c
 594 0104 02       		.uleb128 0x2
 595 0105 91       		.byte	0x91
 596 0106 70       		.sleb128 -16
 597 0107 00       		.byte	0
 598 0108 08       		.uleb128 0x8
 599 0109 54020000 		.4byte	.LASF20
 600 010d 01       		.byte	0x1
 601 010e 43       		.byte	0x43
 602 010f 00000000 		.4byte	.LFB3
 603 0113 22000000 		.4byte	.LFE3-.LFB3
 604 0117 01       		.uleb128 0x1
 605 0118 9C       		.byte	0x9c
 606 0119 46010000 		.4byte	0x146
 607 011d 0A       		.uleb128 0xa
 608 011e 52000000 		.4byte	.LASF21
 609 0122 01       		.byte	0x1
 610 0123 43       		.byte	0x43
 611 0124 7D000000 		.4byte	0x7d
 612 0128 02       		.uleb128 0x2
ARM GAS  C:\Users\ADMINI~1\AppData\Local\Temp\cc7xBOqu.s 			page 17


 613 0129 91       		.byte	0x91
 614 012a 74       		.sleb128 -12
 615 012b 09       		.uleb128 0x9
 616 012c 73726300 		.ascii	"src\000"
 617 0130 01       		.byte	0x1
 618 0131 43       		.byte	0x43
 619 0132 46010000 		.4byte	0x146
 620 0136 02       		.uleb128 0x2
 621 0137 91       		.byte	0x91
 622 0138 70       		.sleb128 -16
 623 0139 09       		.uleb128 0x9
 624 013a 6E00     		.ascii	"n\000"
 625 013c 01       		.byte	0x1
 626 013d 43       		.byte	0x43
 627 013e 2C000000 		.4byte	0x2c
 628 0142 02       		.uleb128 0x2
 629 0143 91       		.byte	0x91
 630 0144 6C       		.sleb128 -20
 631 0145 00       		.byte	0
 632 0146 0B       		.uleb128 0xb
 633 0147 04       		.byte	0x4
 634 0148 4C010000 		.4byte	0x14c
 635 014c 0C       		.uleb128 0xc
 636 014d 08       		.uleb128 0x8
 637 014e 44020000 		.4byte	.LASF22
 638 0152 01       		.byte	0x1
 639 0153 4A       		.byte	0x4a
 640 0154 00000000 		.4byte	.LFB4
 641 0158 22000000 		.4byte	.LFE4-.LFB4
 642 015c 01       		.uleb128 0x1
 643 015d 9C       		.byte	0x9c
 644 015e 8B010000 		.4byte	0x18b
 645 0162 0A       		.uleb128 0xa
 646 0163 52000000 		.4byte	.LASF21
 647 0167 01       		.byte	0x1
 648 0168 4A       		.byte	0x4a
 649 0169 7D000000 		.4byte	0x7d
 650 016d 02       		.uleb128 0x2
 651 016e 91       		.byte	0x91
 652 016f 74       		.sleb128 -12
 653 0170 09       		.uleb128 0x9
 654 0171 73726300 		.ascii	"src\000"
 655 0175 01       		.byte	0x1
 656 0176 4A       		.byte	0x4a
 657 0177 46010000 		.4byte	0x146
 658 017b 02       		.uleb128 0x2
 659 017c 91       		.byte	0x91
 660 017d 70       		.sleb128 -16
 661 017e 09       		.uleb128 0x9
 662 017f 6E00     		.ascii	"n\000"
 663 0181 01       		.byte	0x1
 664 0182 4A       		.byte	0x4a
 665 0183 2C000000 		.4byte	0x2c
 666 0187 02       		.uleb128 0x2
 667 0188 91       		.byte	0x91
 668 0189 6C       		.sleb128 -20
 669 018a 00       		.byte	0
ARM GAS  C:\Users\ADMINI~1\AppData\Local\Temp\cc7xBOqu.s 			page 18


 670 018b 0D       		.uleb128 0xd
 671 018c 2E000000 		.4byte	.LASF23
 672 0190 01       		.byte	0x1
 673 0191 91       		.byte	0x91
 674 0192 00000000 		.4byte	.LFB5
 675 0196 C0000000 		.4byte	.LFE5-.LFB5
 676 019a 01       		.uleb128 0x1
 677 019b 9C       		.byte	0x9c
 678 019c 0E       		.uleb128 0xe
 679 019d 0D000000 		.4byte	.LASF24
 680 01a1 01       		.byte	0x1
 681 01a2 D0       		.byte	0xd0
 682 01a3 00000000 		.4byte	.LFB6
 683 01a7 28000000 		.4byte	.LFE6-.LFB6
 684 01ab 01       		.uleb128 0x1
 685 01ac 9C       		.byte	0x9c
 686 01ad 0F       		.uleb128 0xf
 687 01ae 98000000 		.4byte	.LASF32
 688 01b2 01       		.byte	0x1
 689 01b3 EB       		.byte	0xeb
 690 01b4 C0000000 		.4byte	.LFB7
 691 01b8 18010000 		.4byte	.LFE7-.LFB7
 692 01bc 01       		.uleb128 0x1
 693 01bd 9C       		.byte	0x9c
 694 01be 10       		.uleb128 0x10
 695 01bf CE000000 		.4byte	.LBB2
 696 01c3 AE000000 		.4byte	.LBE2-.LBB2
 697 01c7 11       		.uleb128 0x11
 698 01c8 06       		.byte	0x6
 699 01c9 01       		.byte	0x1
 700 01ca F4       		.byte	0xf4
 701 01cb E8010000 		.4byte	0x1e8
 702 01cf 12       		.uleb128 0x12
 703 01d0 4E010000 		.4byte	.LASF25
 704 01d4 01       		.byte	0x1
 705 01d5 F5       		.byte	0xf5
 706 01d6 7D000000 		.4byte	0x7d
 707 01da 00       		.byte	0
 708 01db 12       		.uleb128 0x12
 709 01dc 57000000 		.4byte	.LASF26
 710 01e0 01       		.byte	0x1
 711 01e1 F6       		.byte	0xf6
 712 01e2 92000000 		.4byte	0x92
 713 01e6 04       		.byte	0x4
 714 01e7 00       		.byte	0
 715 01e8 03       		.uleb128 0x3
 716 01e9 D4010000 		.4byte	.LASF27
 717 01ed 01       		.byte	0x1
 718 01ee F7       		.byte	0xf7
 719 01ef C7010000 		.4byte	0x1c7
 720 01f3 13       		.uleb128 0x13
 721 01f4 E8010000 		.4byte	0x1e8
 722 01f8 03020000 		.4byte	0x203
 723 01fc 14       		.uleb128 0x14
 724 01fd 76000000 		.4byte	0x76
 725 0201 01       		.byte	0x1
 726 0202 00       		.byte	0
ARM GAS  C:\Users\ADMINI~1\AppData\Local\Temp\cc7xBOqu.s 			page 19


 727 0203 15       		.uleb128 0x15
 728 0204 1E000000 		.4byte	.LASF28
 729 0208 01       		.byte	0x1
 730 0209 F9       		.byte	0xf9
 731 020a 14020000 		.4byte	0x214
 732 020e 05       		.uleb128 0x5
 733 020f 03       		.byte	0x3
 734 0210 00000000 		.4byte	cfg_memset_list.4742
 735 0214 16       		.uleb128 0x16
 736 0215 F3010000 		.4byte	0x1f3
 737 0219 17       		.uleb128 0x17
 738 021a 6900     		.ascii	"i\000"
 739 021c 01       		.byte	0x1
 740 021d FF       		.byte	0xff
 741 021e 86000000 		.4byte	0x86
 742 0222 02       		.uleb128 0x2
 743 0223 91       		.byte	0x91
 744 0224 77       		.sleb128 -9
 745 0225 10       		.uleb128 0x10
 746 0226 D6000000 		.4byte	.LBB3
 747 022a 3E000000 		.4byte	.LBE3-.LBB3
 748 022e 18       		.uleb128 0x18
 749 022f 6D7300   		.ascii	"ms\000"
 750 0232 01       		.byte	0x1
 751 0233 0401     		.2byte	0x104
 752 0235 3C020000 		.4byte	0x23c
 753 0239 02       		.uleb128 0x2
 754 023a 91       		.byte	0x91
 755 023b 70       		.sleb128 -16
 756 023c 0B       		.uleb128 0xb
 757 023d 04       		.byte	0x4
 758 023e 42020000 		.4byte	0x242
 759 0242 16       		.uleb128 0x16
 760 0243 E8010000 		.4byte	0x1e8
 761 0247 00       		.byte	0
 762 0248 00       		.byte	0
 763 0249 00       		.byte	0
 764 024a 00       		.byte	0
 765              		.section	.debug_abbrev,"",%progbits
 766              	.Ldebug_abbrev0:
 767 0000 01       		.uleb128 0x1
 768 0001 11       		.uleb128 0x11
 769 0002 01       		.byte	0x1
 770 0003 25       		.uleb128 0x25
 771 0004 0E       		.uleb128 0xe
 772 0005 13       		.uleb128 0x13
 773 0006 0B       		.uleb128 0xb
 774 0007 03       		.uleb128 0x3
 775 0008 0E       		.uleb128 0xe
 776 0009 1B       		.uleb128 0x1b
 777 000a 0E       		.uleb128 0xe
 778 000b 55       		.uleb128 0x55
 779 000c 17       		.uleb128 0x17
 780 000d 11       		.uleb128 0x11
 781 000e 01       		.uleb128 0x1
 782 000f 10       		.uleb128 0x10
 783 0010 17       		.uleb128 0x17
ARM GAS  C:\Users\ADMINI~1\AppData\Local\Temp\cc7xBOqu.s 			page 20


 784 0011 00       		.byte	0
 785 0012 00       		.byte	0
 786 0013 02       		.uleb128 0x2
 787 0014 24       		.uleb128 0x24
 788 0015 00       		.byte	0
 789 0016 0B       		.uleb128 0xb
 790 0017 0B       		.uleb128 0xb
 791 0018 3E       		.uleb128 0x3e
 792 0019 0B       		.uleb128 0xb
 793 001a 03       		.uleb128 0x3
 794 001b 08       		.uleb128 0x8
 795 001c 00       		.byte	0
 796 001d 00       		.byte	0
 797 001e 03       		.uleb128 0x3
 798 001f 16       		.uleb128 0x16
 799 0020 00       		.byte	0
 800 0021 03       		.uleb128 0x3
 801 0022 0E       		.uleb128 0xe
 802 0023 3A       		.uleb128 0x3a
 803 0024 0B       		.uleb128 0xb
 804 0025 3B       		.uleb128 0x3b
 805 0026 0B       		.uleb128 0xb
 806 0027 49       		.uleb128 0x49
 807 0028 13       		.uleb128 0x13
 808 0029 00       		.byte	0
 809 002a 00       		.byte	0
 810 002b 04       		.uleb128 0x4
 811 002c 24       		.uleb128 0x24
 812 002d 00       		.byte	0
 813 002e 0B       		.uleb128 0xb
 814 002f 0B       		.uleb128 0xb
 815 0030 3E       		.uleb128 0x3e
 816 0031 0B       		.uleb128 0xb
 817 0032 03       		.uleb128 0x3
 818 0033 0E       		.uleb128 0xe
 819 0034 00       		.byte	0
 820 0035 00       		.byte	0
 821 0036 05       		.uleb128 0x5
 822 0037 0F       		.uleb128 0xf
 823 0038 00       		.byte	0
 824 0039 0B       		.uleb128 0xb
 825 003a 0B       		.uleb128 0xb
 826 003b 00       		.byte	0
 827 003c 00       		.byte	0
 828 003d 06       		.uleb128 0x6
 829 003e 16       		.uleb128 0x16
 830 003f 00       		.byte	0
 831 0040 03       		.uleb128 0x3
 832 0041 0E       		.uleb128 0xe
 833 0042 3A       		.uleb128 0x3a
 834 0043 0B       		.uleb128 0xb
 835 0044 3B       		.uleb128 0x3b
 836 0045 05       		.uleb128 0x5
 837 0046 49       		.uleb128 0x49
 838 0047 13       		.uleb128 0x13
 839 0048 00       		.byte	0
 840 0049 00       		.byte	0
ARM GAS  C:\Users\ADMINI~1\AppData\Local\Temp\cc7xBOqu.s 			page 21


 841 004a 07       		.uleb128 0x7
 842 004b 35       		.uleb128 0x35
 843 004c 00       		.byte	0
 844 004d 49       		.uleb128 0x49
 845 004e 13       		.uleb128 0x13
 846 004f 00       		.byte	0
 847 0050 00       		.byte	0
 848 0051 08       		.uleb128 0x8
 849 0052 2E       		.uleb128 0x2e
 850 0053 01       		.byte	0x1
 851 0054 03       		.uleb128 0x3
 852 0055 0E       		.uleb128 0xe
 853 0056 3A       		.uleb128 0x3a
 854 0057 0B       		.uleb128 0xb
 855 0058 3B       		.uleb128 0x3b
 856 0059 0B       		.uleb128 0xb
 857 005a 27       		.uleb128 0x27
 858 005b 19       		.uleb128 0x19
 859 005c 11       		.uleb128 0x11
 860 005d 01       		.uleb128 0x1
 861 005e 12       		.uleb128 0x12
 862 005f 06       		.uleb128 0x6
 863 0060 40       		.uleb128 0x40
 864 0061 18       		.uleb128 0x18
 865 0062 9642     		.uleb128 0x2116
 866 0064 19       		.uleb128 0x19
 867 0065 01       		.uleb128 0x1
 868 0066 13       		.uleb128 0x13
 869 0067 00       		.byte	0
 870 0068 00       		.byte	0
 871 0069 09       		.uleb128 0x9
 872 006a 05       		.uleb128 0x5
 873 006b 00       		.byte	0
 874 006c 03       		.uleb128 0x3
 875 006d 08       		.uleb128 0x8
 876 006e 3A       		.uleb128 0x3a
 877 006f 0B       		.uleb128 0xb
 878 0070 3B       		.uleb128 0x3b
 879 0071 0B       		.uleb128 0xb
 880 0072 49       		.uleb128 0x49
 881 0073 13       		.uleb128 0x13
 882 0074 02       		.uleb128 0x2
 883 0075 18       		.uleb128 0x18
 884 0076 00       		.byte	0
 885 0077 00       		.byte	0
 886 0078 0A       		.uleb128 0xa
 887 0079 05       		.uleb128 0x5
 888 007a 00       		.byte	0
 889 007b 03       		.uleb128 0x3
 890 007c 0E       		.uleb128 0xe
 891 007d 3A       		.uleb128 0x3a
 892 007e 0B       		.uleb128 0xb
 893 007f 3B       		.uleb128 0x3b
 894 0080 0B       		.uleb128 0xb
 895 0081 49       		.uleb128 0x49
 896 0082 13       		.uleb128 0x13
 897 0083 02       		.uleb128 0x2
ARM GAS  C:\Users\ADMINI~1\AppData\Local\Temp\cc7xBOqu.s 			page 22


 898 0084 18       		.uleb128 0x18
 899 0085 00       		.byte	0
 900 0086 00       		.byte	0
 901 0087 0B       		.uleb128 0xb
 902 0088 0F       		.uleb128 0xf
 903 0089 00       		.byte	0
 904 008a 0B       		.uleb128 0xb
 905 008b 0B       		.uleb128 0xb
 906 008c 49       		.uleb128 0x49
 907 008d 13       		.uleb128 0x13
 908 008e 00       		.byte	0
 909 008f 00       		.byte	0
 910 0090 0C       		.uleb128 0xc
 911 0091 26       		.uleb128 0x26
 912 0092 00       		.byte	0
 913 0093 00       		.byte	0
 914 0094 00       		.byte	0
 915 0095 0D       		.uleb128 0xd
 916 0096 2E       		.uleb128 0x2e
 917 0097 00       		.byte	0
 918 0098 03       		.uleb128 0x3
 919 0099 0E       		.uleb128 0xe
 920 009a 3A       		.uleb128 0x3a
 921 009b 0B       		.uleb128 0xb
 922 009c 3B       		.uleb128 0x3b
 923 009d 0B       		.uleb128 0xb
 924 009e 27       		.uleb128 0x27
 925 009f 19       		.uleb128 0x19
 926 00a0 11       		.uleb128 0x11
 927 00a1 01       		.uleb128 0x1
 928 00a2 12       		.uleb128 0x12
 929 00a3 06       		.uleb128 0x6
 930 00a4 40       		.uleb128 0x40
 931 00a5 18       		.uleb128 0x18
 932 00a6 9642     		.uleb128 0x2116
 933 00a8 19       		.uleb128 0x19
 934 00a9 00       		.byte	0
 935 00aa 00       		.byte	0
 936 00ab 0E       		.uleb128 0xe
 937 00ac 2E       		.uleb128 0x2e
 938 00ad 00       		.byte	0
 939 00ae 03       		.uleb128 0x3
 940 00af 0E       		.uleb128 0xe
 941 00b0 3A       		.uleb128 0x3a
 942 00b1 0B       		.uleb128 0xb
 943 00b2 3B       		.uleb128 0x3b
 944 00b3 0B       		.uleb128 0xb
 945 00b4 27       		.uleb128 0x27
 946 00b5 19       		.uleb128 0x19
 947 00b6 11       		.uleb128 0x11
 948 00b7 01       		.uleb128 0x1
 949 00b8 12       		.uleb128 0x12
 950 00b9 06       		.uleb128 0x6
 951 00ba 40       		.uleb128 0x40
 952 00bb 18       		.uleb128 0x18
 953 00bc 9742     		.uleb128 0x2117
 954 00be 19       		.uleb128 0x19
ARM GAS  C:\Users\ADMINI~1\AppData\Local\Temp\cc7xBOqu.s 			page 23


 955 00bf 00       		.byte	0
 956 00c0 00       		.byte	0
 957 00c1 0F       		.uleb128 0xf
 958 00c2 2E       		.uleb128 0x2e
 959 00c3 01       		.byte	0x1
 960 00c4 3F       		.uleb128 0x3f
 961 00c5 19       		.uleb128 0x19
 962 00c6 03       		.uleb128 0x3
 963 00c7 0E       		.uleb128 0xe
 964 00c8 3A       		.uleb128 0x3a
 965 00c9 0B       		.uleb128 0xb
 966 00ca 3B       		.uleb128 0x3b
 967 00cb 0B       		.uleb128 0xb
 968 00cc 27       		.uleb128 0x27
 969 00cd 19       		.uleb128 0x19
 970 00ce 11       		.uleb128 0x11
 971 00cf 01       		.uleb128 0x1
 972 00d0 12       		.uleb128 0x12
 973 00d1 06       		.uleb128 0x6
 974 00d2 40       		.uleb128 0x40
 975 00d3 18       		.uleb128 0x18
 976 00d4 9642     		.uleb128 0x2116
 977 00d6 19       		.uleb128 0x19
 978 00d7 00       		.byte	0
 979 00d8 00       		.byte	0
 980 00d9 10       		.uleb128 0x10
 981 00da 0B       		.uleb128 0xb
 982 00db 01       		.byte	0x1
 983 00dc 11       		.uleb128 0x11
 984 00dd 01       		.uleb128 0x1
 985 00de 12       		.uleb128 0x12
 986 00df 06       		.uleb128 0x6
 987 00e0 00       		.byte	0
 988 00e1 00       		.byte	0
 989 00e2 11       		.uleb128 0x11
 990 00e3 13       		.uleb128 0x13
 991 00e4 01       		.byte	0x1
 992 00e5 0B       		.uleb128 0xb
 993 00e6 0B       		.uleb128 0xb
 994 00e7 3A       		.uleb128 0x3a
 995 00e8 0B       		.uleb128 0xb
 996 00e9 3B       		.uleb128 0x3b
 997 00ea 0B       		.uleb128 0xb
 998 00eb 01       		.uleb128 0x1
 999 00ec 13       		.uleb128 0x13
 1000 00ed 00       		.byte	0
 1001 00ee 00       		.byte	0
 1002 00ef 12       		.uleb128 0x12
 1003 00f0 0D       		.uleb128 0xd
 1004 00f1 00       		.byte	0
 1005 00f2 03       		.uleb128 0x3
 1006 00f3 0E       		.uleb128 0xe
 1007 00f4 3A       		.uleb128 0x3a
 1008 00f5 0B       		.uleb128 0xb
 1009 00f6 3B       		.uleb128 0x3b
 1010 00f7 0B       		.uleb128 0xb
 1011 00f8 49       		.uleb128 0x49
ARM GAS  C:\Users\ADMINI~1\AppData\Local\Temp\cc7xBOqu.s 			page 24


 1012 00f9 13       		.uleb128 0x13
 1013 00fa 38       		.uleb128 0x38
 1014 00fb 0B       		.uleb128 0xb
 1015 00fc 00       		.byte	0
 1016 00fd 00       		.byte	0
 1017 00fe 13       		.uleb128 0x13
 1018 00ff 01       		.uleb128 0x1
 1019 0100 01       		.byte	0x1
 1020 0101 49       		.uleb128 0x49
 1021 0102 13       		.uleb128 0x13
 1022 0103 01       		.uleb128 0x1
 1023 0104 13       		.uleb128 0x13
 1024 0105 00       		.byte	0
 1025 0106 00       		.byte	0
 1026 0107 14       		.uleb128 0x14
 1027 0108 21       		.uleb128 0x21
 1028 0109 00       		.byte	0
 1029 010a 49       		.uleb128 0x49
 1030 010b 13       		.uleb128 0x13
 1031 010c 2F       		.uleb128 0x2f
 1032 010d 0B       		.uleb128 0xb
 1033 010e 00       		.byte	0
 1034 010f 00       		.byte	0
 1035 0110 15       		.uleb128 0x15
 1036 0111 34       		.uleb128 0x34
 1037 0112 00       		.byte	0
 1038 0113 03       		.uleb128 0x3
 1039 0114 0E       		.uleb128 0xe
 1040 0115 3A       		.uleb128 0x3a
 1041 0116 0B       		.uleb128 0xb
 1042 0117 3B       		.uleb128 0x3b
 1043 0118 0B       		.uleb128 0xb
 1044 0119 49       		.uleb128 0x49
 1045 011a 13       		.uleb128 0x13
 1046 011b 02       		.uleb128 0x2
 1047 011c 18       		.uleb128 0x18
 1048 011d 00       		.byte	0
 1049 011e 00       		.byte	0
 1050 011f 16       		.uleb128 0x16
 1051 0120 26       		.uleb128 0x26
 1052 0121 00       		.byte	0
 1053 0122 49       		.uleb128 0x49
 1054 0123 13       		.uleb128 0x13
 1055 0124 00       		.byte	0
 1056 0125 00       		.byte	0
 1057 0126 17       		.uleb128 0x17
 1058 0127 34       		.uleb128 0x34
 1059 0128 00       		.byte	0
 1060 0129 03       		.uleb128 0x3
 1061 012a 08       		.uleb128 0x8
 1062 012b 3A       		.uleb128 0x3a
 1063 012c 0B       		.uleb128 0xb
 1064 012d 3B       		.uleb128 0x3b
 1065 012e 0B       		.uleb128 0xb
 1066 012f 49       		.uleb128 0x49
 1067 0130 13       		.uleb128 0x13
 1068 0131 02       		.uleb128 0x2
ARM GAS  C:\Users\ADMINI~1\AppData\Local\Temp\cc7xBOqu.s 			page 25


 1069 0132 18       		.uleb128 0x18
 1070 0133 00       		.byte	0
 1071 0134 00       		.byte	0
 1072 0135 18       		.uleb128 0x18
 1073 0136 34       		.uleb128 0x34
 1074 0137 00       		.byte	0
 1075 0138 03       		.uleb128 0x3
 1076 0139 08       		.uleb128 0x8
 1077 013a 3A       		.uleb128 0x3a
 1078 013b 0B       		.uleb128 0xb
 1079 013c 3B       		.uleb128 0x3b
 1080 013d 05       		.uleb128 0x5
 1081 013e 49       		.uleb128 0x49
 1082 013f 13       		.uleb128 0x13
 1083 0140 02       		.uleb128 0x2
 1084 0141 18       		.uleb128 0x18
 1085 0142 00       		.byte	0
 1086 0143 00       		.byte	0
 1087 0144 00       		.byte	0
 1088              		.section	.debug_aranges,"",%progbits
 1089 0000 44000000 		.4byte	0x44
 1090 0004 0200     		.2byte	0x2
 1091 0006 00000000 		.4byte	.Ldebug_info0
 1092 000a 04       		.byte	0x4
 1093 000b 00       		.byte	0
 1094 000c 0000     		.2byte	0
 1095 000e 0000     		.2byte	0
 1096 0010 00000000 		.4byte	.LFB2
 1097 0014 1E000000 		.4byte	.LFE2-.LFB2
 1098 0018 00000000 		.4byte	.LFB3
 1099 001c 22000000 		.4byte	.LFE3-.LFB3
 1100 0020 00000000 		.4byte	.LFB4
 1101 0024 22000000 		.4byte	.LFE4-.LFB4
 1102 0028 00000000 		.4byte	.LFB5
 1103 002c C0000000 		.4byte	.LFE5-.LFB5
 1104 0030 00000000 		.4byte	.LFB6
 1105 0034 28000000 		.4byte	.LFE6-.LFB6
 1106 0038 C0000000 		.4byte	.LFB7
 1107 003c 18010000 		.4byte	.LFE7-.LFB7
 1108 0040 00000000 		.4byte	0
 1109 0044 00000000 		.4byte	0
 1110              		.section	.debug_ranges,"",%progbits
 1111              	.Ldebug_ranges0:
 1112 0000 00000000 		.4byte	.LFB2
 1113 0004 1E000000 		.4byte	.LFE2
 1114 0008 00000000 		.4byte	.LFB3
 1115 000c 22000000 		.4byte	.LFE3
 1116 0010 00000000 		.4byte	.LFB4
 1117 0014 22000000 		.4byte	.LFE4
 1118 0018 00000000 		.4byte	.LFB5
 1119 001c C0000000 		.4byte	.LFE5
 1120 0020 00000000 		.4byte	.LFB6
 1121 0024 28000000 		.4byte	.LFE6
 1122 0028 C0000000 		.4byte	.LFB7
 1123 002c D8010000 		.4byte	.LFE7
 1124 0030 00000000 		.4byte	0
 1125 0034 00000000 		.4byte	0
ARM GAS  C:\Users\ADMINI~1\AppData\Local\Temp\cc7xBOqu.s 			page 26


 1126              		.section	.debug_line,"",%progbits
 1127              	.Ldebug_line0:
 1128 0000 6C010000 		.section	.debug_str,"MS",%progbits,1
 1128      0200CD00 
 1128      00000201 
 1128      FB0E0D00 
 1128      01010101 
 1129              	.LASF18:
 1130 0000 72656733 		.ascii	"reg32\000"
 1130      3200
 1131              	.LASF11:
 1132 0006 73697A65 		.ascii	"size_t\000"
 1132      5F7400
 1133              	.LASF24:
 1134 000d 416E616C 		.ascii	"AnalogSetDefault\000"
 1134      6F675365 
 1134      74446566 
 1134      61756C74 
 1134      00
 1135              	.LASF28:
 1136 001e 6366675F 		.ascii	"cfg_memset_list\000"
 1136      6D656D73 
 1136      65745F6C 
 1136      69737400 
 1137              	.LASF23:
 1138 002e 436C6F63 		.ascii	"ClockSetup\000"
 1138      6B536574 
 1138      757000
 1139              	.LASF4:
 1140 0039 73686F72 		.ascii	"short unsigned int\000"
 1140      7420756E 
 1140      7369676E 
 1140      65642069 
 1140      6E7400
 1141              	.LASF15:
 1142 004c 666C6F61 		.ascii	"float\000"
 1142      7400
 1143              	.LASF21:
 1144 0052 64657374 		.ascii	"dest\000"
 1144      00
 1145              	.LASF26:
 1146 0057 73697A65 		.ascii	"size\000"
 1146      00
 1147              	.LASF17:
 1148 005c 72656738 		.ascii	"reg8\000"
 1148      00
 1149              	.LASF6:
 1150 0061 6C6F6E67 		.ascii	"long unsigned int\000"
 1150      20756E73 
 1150      69676E65 
 1150      6420696E 
 1150      7400
 1151              	.LASF12:
 1152 0073 75696E74 		.ascii	"uint8\000"
 1152      3800
 1153              	.LASF19:
 1154 0079 43594D45 		.ascii	"CYMEMZERO\000"
ARM GAS  C:\Users\ADMINI~1\AppData\Local\Temp\cc7xBOqu.s 			page 27


 1154      4D5A4552 
 1154      4F00
 1155              	.LASF2:
 1156 0083 756E7369 		.ascii	"unsigned char\000"
 1156      676E6564 
 1156      20636861 
 1156      7200
 1157              	.LASF16:
 1158 0091 646F7562 		.ascii	"double\000"
 1158      6C6500
 1159              	.LASF32:
 1160 0098 63796669 		.ascii	"cyfitter_cfg\000"
 1160      74746572 
 1160      5F636667 
 1160      00
 1161              	.LASF29:
 1162 00a5 474E5520 		.ascii	"GNU C 4.9.3 20150303 (release) [ARM/embedded-4_9-br"
 1162      4320342E 
 1162      392E3320 
 1162      32303135 
 1162      30333033 
 1163 00d8 616E6368 		.ascii	"anch revision 221220] -mcpu=cortex-m0 -mthumb -g -O"
 1163      20726576 
 1163      6973696F 
 1163      6E203232 
 1163      31323230 
 1164 010b 30202D66 		.ascii	"0 -ffunction-sections -ffat-lto-objects\000"
 1164      66756E63 
 1164      74696F6E 
 1164      2D736563 
 1164      74696F6E 
 1165              	.LASF13:
 1166 0133 75696E74 		.ascii	"uint16\000"
 1166      313600
 1167              	.LASF14:
 1168 013a 75696E74 		.ascii	"uint32\000"
 1168      333200
 1169              	.LASF0:
 1170 0141 756E7369 		.ascii	"unsigned int\000"
 1170      676E6564 
 1170      20696E74 
 1170      00
 1171              	.LASF25:
 1172 014e 61646472 		.ascii	"address\000"
 1172      65737300 
 1173              	.LASF8:
 1174 0156 6C6F6E67 		.ascii	"long long unsigned int\000"
 1174      206C6F6E 
 1174      6720756E 
 1174      7369676E 
 1174      65642069 
 1175              	.LASF31:
 1176 016d 433A5C55 		.ascii	"C:\\Users\\Administrator\\Desktop\\Temporary Files\\"
 1176      73657273 
 1176      5C41646D 
 1176      696E6973 
 1176      74726174 
ARM GAS  C:\Users\ADMINI~1\AppData\Local\Temp\cc7xBOqu.s 			page 28


 1177 019c 43595F69 		.ascii	"CY_interruped\\Interrupts_Example01\\SCB_UartComm01"
 1177      6E746572 
 1177      72757065 
 1177      645C496E 
 1177      74657272 
 1178 01cd 2E637964 		.ascii	".cydsn\000"
 1178      736E00
 1179              	.LASF27:
 1180 01d4 6366675F 		.ascii	"cfg_memset_t\000"
 1180      6D656D73 
 1180      65745F74 
 1180      00
 1181              	.LASF30:
 1182 01e1 2E5C4765 		.ascii	".\\Generated_Source\\PSoC4\\cyfitter_cfg.c\000"
 1182      6E657261 
 1182      7465645F 
 1182      536F7572 
 1182      63655C50 
 1183              	.LASF9:
 1184 0209 73697A65 		.ascii	"sizetype\000"
 1184      74797065 
 1184      00
 1185              	.LASF7:
 1186 0212 6C6F6E67 		.ascii	"long long int\000"
 1186      206C6F6E 
 1186      6720696E 
 1186      7400
 1187              	.LASF10:
 1188 0220 63686172 		.ascii	"char\000"
 1188      00
 1189              	.LASF3:
 1190 0225 73686F72 		.ascii	"short int\000"
 1190      7420696E 
 1190      7400
 1191              	.LASF5:
 1192 022f 6C6F6E67 		.ascii	"long int\000"
 1192      20696E74 
 1192      00
 1193              	.LASF1:
 1194 0238 7369676E 		.ascii	"signed char\000"
 1194      65642063 
 1194      68617200 
 1195              	.LASF22:
 1196 0244 4359434F 		.ascii	"CYCONFIGCPYCODE\000"
 1196      4E464947 
 1196      43505943 
 1196      4F444500 
 1197              	.LASF20:
 1198 0254 4359434F 		.ascii	"CYCONFIGCPY\000"
 1198      4E464947 
 1198      43505900 
 1199              		.ident	"GCC: (GNU Tools for ARM Embedded Processors) 4.9.3 20150303 (release) [ARM/embedded-4_9-br
